{"/Users/dan/Projects/node-api/db/config.js": {"path":"/Users/dan/Projects/node-api/db/config.js","statementMap":{"0":{"start":{"line":1,"column":0},"end":{"line":3,"column":1}},"1":{"start":{"line":2,"column":2},"end":{"line":2,"column":28}},"2":{"start":{"line":5,"column":0},"end":{"line":42,"column":1}}},"fnMap":{},"branchMap":{"0":{"loc":{"start":{"line":1,"column":0},"end":{"line":3,"column":1}},"type":"if","locations":[{"start":{"line":1,"column":0},"end":{"line":3,"column":1}},{"start":{"line":1,"column":0},"end":{"line":3,"column":1}}],"line":1}},"s":{"0":1,"1":1,"2":1},"f":{},"b":{"0":[1,0]},"_coverageSchema":"1a1c01bbd47fc00a2c39e90264f33305004495a9","hash":"754262907257f866793eb21259706f6aeb5cdb88"}
,"/Users/dan/Projects/node-api/dist/index.js": {"path":"/Users/dan/Projects/node-api/dist/index.js","statementMap":{"0":{"start":{"line":2,"column":22},"end":{"line":4,"column":1}},"1":{"start":{"line":3,"column":4},"end":{"line":3,"column":62}},"2":{"start":{"line":5,"column":0},"end":{"line":5,"column":62}},"3":{"start":{"line":6,"column":0},"end":{"line":6,"column":27}},"4":{"start":{"line":7,"column":18},"end":{"line":7,"column":53}},"5":{"start":{"line":8,"column":15},"end":{"line":8,"column":47}},"6":{"start":{"line":9,"column":17},"end":{"line":9,"column":51}},"7":{"start":{"line":10,"column":24},"end":{"line":10,"column":65}},"8":{"start":{"line":11,"column":22},"end":{"line":11,"column":61}},"9":{"start":{"line":12,"column":15},"end":{"line":12,"column":47}},"10":{"start":{"line":13,"column":17},"end":{"line":13,"column":36}},"11":{"start":{"line":14,"column":12},"end":{"line":14,"column":36}},"12":{"start":{"line":15,"column":0},"end":{"line":19,"column":3}},"13":{"start":{"line":20,"column":0},"end":{"line":29,"column":3}},"14":{"start":{"line":21,"column":4},"end":{"line":21,"column":51}},"15":{"start":{"line":22,"column":4},"end":{"line":22,"column":112}},"16":{"start":{"line":23,"column":4},"end":{"line":23,"column":89}},"17":{"start":{"line":24,"column":4},"end":{"line":24,"column":59}},"18":{"start":{"line":25,"column":4},"end":{"line":27,"column":5}},"19":{"start":{"line":26,"column":8},"end":{"line":26,"column":28}},"20":{"start":{"line":28,"column":4},"end":{"line":28,"column":11}},"21":{"start":{"line":30,"column":0},"end":{"line":30,"column":29}},"22":{"start":{"line":31,"column":0},"end":{"line":31,"column":99}},"23":{"start":{"line":31,"column":53},"end":{"line":31,"column":92}},"24":{"start":{"line":32,"column":0},"end":{"line":32,"column":38}},"25":{"start":{"line":33,"column":0},"end":{"line":33,"column":63}},"26":{"start":{"line":34,"column":0},"end":{"line":34,"column":40}},"27":{"start":{"line":35,"column":0},"end":{"line":35,"column":52}},"28":{"start":{"line":36,"column":0},"end":{"line":36,"column":49}},"29":{"start":{"line":37,"column":0},"end":{"line":37,"column":47}},"30":{"start":{"line":39,"column":0},"end":{"line":42,"column":3}},"31":{"start":{"line":40,"column":16},"end":{"line":40,"column":38}},"32":{"start":{"line":41,"column":4},"end":{"line":41,"column":14}},"33":{"start":{"line":44,"column":0},"end":{"line":51,"column":3}},"34":{"start":{"line":46,"column":4},"end":{"line":46,"column":37}},"35":{"start":{"line":47,"column":4},"end":{"line":47,"column":71}},"36":{"start":{"line":49,"column":4},"end":{"line":49,"column":34}},"37":{"start":{"line":50,"column":4},"end":{"line":50,"column":29}},"38":{"start":{"line":52,"column":0},"end":{"line":52,"column":21}}},"fnMap":{"0":{"name":"(anonymous_0)","decl":{"start":{"line":2,"column":56},"end":{"line":2,"column":57}},"loc":{"start":{"line":2,"column":71},"end":{"line":4,"column":1}},"line":2},"1":{"name":"(anonymous_1)","decl":{"start":{"line":20,"column":8},"end":{"line":20,"column":9}},"loc":{"start":{"line":20,"column":34},"end":{"line":29,"column":1}},"line":20},"2":{"name":"(anonymous_2)","decl":{"start":{"line":31,"column":45},"end":{"line":31,"column":46}},"loc":{"start":{"line":31,"column":51},"end":{"line":31,"column":94}},"line":31},"3":{"name":"(anonymous_3)","decl":{"start":{"line":39,"column":8},"end":{"line":39,"column":9}},"loc":{"start":{"line":39,"column":34},"end":{"line":42,"column":1}},"line":39},"4":{"name":"(anonymous_4)","decl":{"start":{"line":44,"column":8},"end":{"line":44,"column":9}},"loc":{"start":{"line":44,"column":33},"end":{"line":51,"column":1}},"line":44}},"branchMap":{"0":{"loc":{"start":{"line":2,"column":22},"end":{"line":4,"column":1}},"type":"binary-expr","locations":[{"start":{"line":2,"column":23},"end":{"line":2,"column":27}},{"start":{"line":2,"column":31},"end":{"line":2,"column":51}},{"start":{"line":2,"column":56},"end":{"line":4,"column":1}}],"line":2},"1":{"loc":{"start":{"line":3,"column":11},"end":{"line":3,"column":61}},"type":"cond-expr","locations":[{"start":{"line":3,"column":37},"end":{"line":3,"column":40}},{"start":{"line":3,"column":43},"end":{"line":3,"column":61}}],"line":3},"2":{"loc":{"start":{"line":3,"column":12},"end":{"line":3,"column":33}},"type":"binary-expr","locations":[{"start":{"line":3,"column":12},"end":{"line":3,"column":15}},{"start":{"line":3,"column":19},"end":{"line":3,"column":33}}],"line":3},"3":{"loc":{"start":{"line":25,"column":4},"end":{"line":27,"column":5}},"type":"if","locations":[{"start":{"line":25,"column":4},"end":{"line":27,"column":5}},{"start":{"line":25,"column":4},"end":{"line":27,"column":5}}],"line":25},"4":{"loc":{"start":{"line":47,"column":23},"end":{"line":47,"column":70}},"type":"cond-expr","locations":[{"start":{"line":47,"column":62},"end":{"line":47,"column":65}},{"start":{"line":47,"column":68},"end":{"line":47,"column":70}}],"line":47},"5":{"loc":{"start":{"line":49,"column":15},"end":{"line":49,"column":32}},"type":"binary-expr","locations":[{"start":{"line":49,"column":15},"end":{"line":49,"column":25}},{"start":{"line":49,"column":29},"end":{"line":49,"column":32}}],"line":49}},"s":{"0":1,"1":6,"2":1,"3":1,"4":1,"5":1,"6":1,"7":1,"8":1,"9":1,"10":1,"11":1,"12":1,"13":1,"14":0,"15":0,"16":0,"17":0,"18":0,"19":0,"20":0,"21":1,"22":1,"23":0,"24":1,"25":1,"26":1,"27":1,"28":1,"29":1,"30":1,"31":0,"32":0,"33":1,"34":0,"35":0,"36":0,"37":0,"38":1},"f":{"0":6,"1":0,"2":0,"3":0,"4":0},"b":{"0":[1,1,1],"1":[0,6],"2":[6,6],"3":[0,0],"4":[0,0],"5":[0,0]},"_coverageSchema":"1a1c01bbd47fc00a2c39e90264f33305004495a9","hash":"694e3ca989a4f9a1674a7488411d438419f6c854"}
,"/Users/dan/Projects/node-api/dist/controllers/base.js": {"path":"/Users/dan/Projects/node-api/dist/controllers/base.js","statementMap":{"0":{"start":{"line":2,"column":15},"end":{"line":2,"column":35}},"1":{"start":{"line":5,"column":8},"end":{"line":5,"column":25}},"2":{"start":{"line":6,"column":8},"end":{"line":6,"column":81}},"3":{"start":{"line":7,"column":8},"end":{"line":8,"column":68}},"4":{"start":{"line":9,"column":8},"end":{"line":9,"column":79}},"5":{"start":{"line":10,"column":8},"end":{"line":10,"column":34}},"6":{"start":{"line":11,"column":8},"end":{"line":11,"column":43}},"7":{"start":{"line":12,"column":8},"end":{"line":12,"column":41}},"8":{"start":{"line":13,"column":8},"end":{"line":13,"column":45}},"9":{"start":{"line":14,"column":8},"end":{"line":14,"column":45}},"10":{"start":{"line":15,"column":8},"end":{"line":15,"column":45}},"11":{"start":{"line":16,"column":8},"end":{"line":16,"column":31}},"12":{"start":{"line":17,"column":8},"end":{"line":17,"column":43}},"13":{"start":{"line":20,"column":20},"end":{"line":20,"column":41}},"14":{"start":{"line":21,"column":8},"end":{"line":29,"column":11}},"15":{"start":{"line":24,"column":12},"end":{"line":24,"column":67}},"16":{"start":{"line":25,"column":12},"end":{"line":25,"column":56}},"17":{"start":{"line":28,"column":12},"end":{"line":28,"column":22}},"18":{"start":{"line":32,"column":23},"end":{"line":35,"column":9}},"19":{"start":{"line":36,"column":8},"end":{"line":43,"column":11}},"20":{"start":{"line":39,"column":12},"end":{"line":39,"column":57}},"21":{"start":{"line":42,"column":12},"end":{"line":42,"column":22}},"22":{"start":{"line":46,"column":8},"end":{"line":55,"column":11}},"23":{"start":{"line":51,"column":12},"end":{"line":51,"column":71}},"24":{"start":{"line":54,"column":12},"end":{"line":54,"column":22}},"25":{"start":{"line":58,"column":8},"end":{"line":67,"column":11}},"26":{"start":{"line":63,"column":12},"end":{"line":63,"column":59}},"27":{"start":{"line":66,"column":12},"end":{"line":66,"column":22}},"28":{"start":{"line":70,"column":8},"end":{"line":77,"column":11}},"29":{"start":{"line":73,"column":12},"end":{"line":73,"column":59}},"30":{"start":{"line":76,"column":12},"end":{"line":76,"column":22}},"31":{"start":{"line":81,"column":8},"end":{"line":83,"column":9}},"32":{"start":{"line":81,"column":25},"end":{"line":81,"column":26}},"33":{"start":{"line":82,"column":12},"end":{"line":82,"column":55}},"34":{"start":{"line":86,"column":0},"end":{"line":86,"column":32}}},"fnMap":{"0":{"name":"(anonymous_0)","decl":{"start":{"line":4,"column":4},"end":{"line":4,"column":5}},"loc":{"start":{"line":4,"column":36},"end":{"line":18,"column":5}},"line":4},"1":{"name":"(anonymous_1)","decl":{"start":{"line":19,"column":4},"end":{"line":19,"column":5}},"loc":{"start":{"line":19,"column":26},"end":{"line":30,"column":5}},"line":19},"2":{"name":"(anonymous_2)","decl":{"start":{"line":23,"column":18},"end":{"line":23,"column":19}},"loc":{"start":{"line":23,"column":27},"end":{"line":26,"column":9}},"line":23},"3":{"name":"(anonymous_3)","decl":{"start":{"line":27,"column":19},"end":{"line":27,"column":20}},"loc":{"start":{"line":27,"column":26},"end":{"line":29,"column":9}},"line":27},"4":{"name":"(anonymous_4)","decl":{"start":{"line":31,"column":4},"end":{"line":31,"column":5}},"loc":{"start":{"line":31,"column":25},"end":{"line":44,"column":5}},"line":31},"5":{"name":"(anonymous_5)","decl":{"start":{"line":38,"column":18},"end":{"line":38,"column":19}},"loc":{"start":{"line":38,"column":26},"end":{"line":40,"column":9}},"line":38},"6":{"name":"(anonymous_6)","decl":{"start":{"line":41,"column":19},"end":{"line":41,"column":20}},"loc":{"start":{"line":41,"column":26},"end":{"line":43,"column":9}},"line":41},"7":{"name":"(anonymous_7)","decl":{"start":{"line":45,"column":4},"end":{"line":45,"column":5}},"loc":{"start":{"line":45,"column":27},"end":{"line":56,"column":5}},"line":45},"8":{"name":"(anonymous_8)","decl":{"start":{"line":50,"column":18},"end":{"line":50,"column":19}},"loc":{"start":{"line":50,"column":28},"end":{"line":52,"column":9}},"line":50},"9":{"name":"(anonymous_9)","decl":{"start":{"line":53,"column":19},"end":{"line":53,"column":20}},"loc":{"start":{"line":53,"column":26},"end":{"line":55,"column":9}},"line":53},"10":{"name":"(anonymous_10)","decl":{"start":{"line":57,"column":4},"end":{"line":57,"column":5}},"loc":{"start":{"line":57,"column":27},"end":{"line":68,"column":5}},"line":57},"11":{"name":"(anonymous_11)","decl":{"start":{"line":62,"column":18},"end":{"line":62,"column":19}},"loc":{"start":{"line":62,"column":28},"end":{"line":64,"column":9}},"line":62},"12":{"name":"(anonymous_12)","decl":{"start":{"line":65,"column":19},"end":{"line":65,"column":20}},"loc":{"start":{"line":65,"column":26},"end":{"line":67,"column":9}},"line":65},"13":{"name":"(anonymous_13)","decl":{"start":{"line":69,"column":4},"end":{"line":69,"column":5}},"loc":{"start":{"line":69,"column":27},"end":{"line":78,"column":5}},"line":69},"14":{"name":"(anonymous_14)","decl":{"start":{"line":72,"column":18},"end":{"line":72,"column":19}},"loc":{"start":{"line":72,"column":28},"end":{"line":74,"column":9}},"line":72},"15":{"name":"(anonymous_15)","decl":{"start":{"line":75,"column":19},"end":{"line":75,"column":20}},"loc":{"start":{"line":75,"column":26},"end":{"line":77,"column":9}},"line":75},"16":{"name":"(anonymous_16)","decl":{"start":{"line":79,"column":4},"end":{"line":79,"column":5}},"loc":{"start":{"line":79,"column":21},"end":{"line":79,"column":24}},"line":79},"17":{"name":"(anonymous_17)","decl":{"start":{"line":80,"column":4},"end":{"line":80,"column":5}},"loc":{"start":{"line":80,"column":41},"end":{"line":84,"column":5}},"line":80}},"branchMap":{"0":{"loc":{"start":{"line":4,"column":22},"end":{"line":4,"column":34}},"type":"default-arg","locations":[{"start":{"line":4,"column":32},"end":{"line":4,"column":34}}],"line":4},"1":{"loc":{"start":{"line":6,"column":33},"end":{"line":6,"column":80}},"type":"binary-expr","locations":[{"start":{"line":6,"column":33},"end":{"line":6,"column":58}},{"start":{"line":6,"column":62},"end":{"line":6,"column":80}}],"line":6},"2":{"loc":{"start":{"line":8,"column":12},"end":{"line":8,"column":67}},"type":"binary-expr","locations":[{"start":{"line":8,"column":12},"end":{"line":8,"column":35}},{"start":{"line":8,"column":39},"end":{"line":8,"column":67}}],"line":8},"3":{"loc":{"start":{"line":9,"column":39},"end":{"line":9,"column":78}},"type":"binary-expr","locations":[{"start":{"line":9,"column":39},"end":{"line":9,"column":70}},{"start":{"line":9,"column":74},"end":{"line":9,"column":78}}],"line":9},"4":{"loc":{"start":{"line":20,"column":20},"end":{"line":20,"column":41}},"type":"binary-expr","locations":[{"start":{"line":20,"column":20},"end":{"line":20,"column":35}},{"start":{"line":20,"column":39},"end":{"line":20,"column":41}}],"line":20},"5":{"loc":{"start":{"line":24,"column":20},"end":{"line":24,"column":66}},"type":"cond-expr","locations":[{"start":{"line":24,"column":37},"end":{"line":24,"column":58}},{"start":{"line":24,"column":61},"end":{"line":24,"column":66}}],"line":24}},"s":{"0":1,"1":3,"2":3,"3":3,"4":3,"5":3,"6":3,"7":3,"8":3,"9":3,"10":3,"11":3,"12":3,"13":0,"14":0,"15":0,"16":0,"17":0,"18":0,"19":0,"20":0,"21":0,"22":0,"23":0,"24":0,"25":0,"26":0,"27":0,"28":0,"29":0,"30":0,"31":0,"32":0,"33":0,"34":1},"f":{"0":3,"1":0,"2":0,"3":0,"4":0,"5":0,"6":0,"7":0,"8":0,"9":0,"10":0,"11":0,"12":0,"13":0,"14":0,"15":0,"16":0,"17":0},"b":{"0":[2],"1":[3,3],"2":[3,3],"3":[3,3],"4":[0,0],"5":[0,0]},"_coverageSchema":"1a1c01bbd47fc00a2c39e90264f33305004495a9","hash":"5fb9448fb51bc6c578b72555f69f5af56f1b9a03"}
,"/Users/dan/Projects/node-api/dist/controllers/clients.js": {"path":"/Users/dan/Projects/node-api/dist/controllers/clients.js","statementMap":{"0":{"start":{"line":2,"column":22},"end":{"line":4,"column":1}},"1":{"start":{"line":3,"column":4},"end":{"line":3,"column":62}},"2":{"start":{"line":5,"column":0},"end":{"line":5,"column":62}},"3":{"start":{"line":6,"column":15},"end":{"line":6,"column":49}},"4":{"start":{"line":9,"column":8},"end":{"line":9,"column":24}},"5":{"start":{"line":12,"column":0},"end":{"line":12,"column":34}}},"fnMap":{"0":{"name":"(anonymous_0)","decl":{"start":{"line":2,"column":56},"end":{"line":2,"column":57}},"loc":{"start":{"line":2,"column":71},"end":{"line":4,"column":1}},"line":2},"1":{"name":"(anonymous_1)","decl":{"start":{"line":8,"column":4},"end":{"line":8,"column":5}},"loc":{"start":{"line":8,"column":18},"end":{"line":10,"column":5}},"line":8}},"branchMap":{"0":{"loc":{"start":{"line":2,"column":22},"end":{"line":4,"column":1}},"type":"binary-expr","locations":[{"start":{"line":2,"column":23},"end":{"line":2,"column":27}},{"start":{"line":2,"column":31},"end":{"line":2,"column":51}},{"start":{"line":2,"column":56},"end":{"line":4,"column":1}}],"line":2},"1":{"loc":{"start":{"line":3,"column":11},"end":{"line":3,"column":61}},"type":"cond-expr","locations":[{"start":{"line":3,"column":37},"end":{"line":3,"column":40}},{"start":{"line":3,"column":43},"end":{"line":3,"column":61}}],"line":3},"2":{"loc":{"start":{"line":3,"column":12},"end":{"line":3,"column":33}},"type":"binary-expr","locations":[{"start":{"line":3,"column":12},"end":{"line":3,"column":15}},{"start":{"line":3,"column":19},"end":{"line":3,"column":33}}],"line":3}},"s":{"0":1,"1":1,"2":1,"3":1,"4":1,"5":1},"f":{"0":1,"1":1},"b":{"0":[1,1,1],"1":[0,1],"2":[1,1]},"_coverageSchema":"1a1c01bbd47fc00a2c39e90264f33305004495a9","hash":"3b0e9e57635512b7ac07379557e7a4c3e90a278e"}
,"/Users/dan/Projects/node-api/dist/controllers/index.js": {"path":"/Users/dan/Projects/node-api/dist/controllers/index.js","statementMap":{"0":{"start":{"line":2,"column":11},"end":{"line":2,"column":24}},"1":{"start":{"line":3,"column":13},"end":{"line":3,"column":28}},"2":{"start":{"line":4,"column":17},"end":{"line":4,"column":47}},"3":{"start":{"line":5,"column":19},"end":{"line":5,"column":81}},"4":{"start":{"line":5,"column":41},"end":{"line":5,"column":81}},"5":{"start":{"line":6,"column":19},"end":{"line":8,"column":1}},"6":{"start":{"line":7,"column":4},"end":{"line":7,"column":71}},"7":{"start":{"line":9,"column":20},"end":{"line":9,"column":22}},"8":{"start":{"line":10,"column":18},"end":{"line":10,"column":20}},"9":{"start":{"line":11,"column":0},"end":{"line":17,"column":3}},"10":{"start":{"line":12,"column":20},"end":{"line":12,"column":114}},"11":{"start":{"line":14,"column":23},"end":{"line":14,"column":58}},"12":{"start":{"line":15,"column":4},"end":{"line":15,"column":53}},"13":{"start":{"line":16,"column":4},"end":{"line":16,"column":60}},"14":{"start":{"line":18,"column":13},"end":{"line":20,"column":1}},"15":{"start":{"line":19,"column":4},"end":{"line":19,"column":23}},"16":{"start":{"line":21,"column":0},"end":{"line":24,"column":2}}},"fnMap":{"0":{"name":"(anonymous_0)","decl":{"start":{"line":5,"column":19},"end":{"line":5,"column":20}},"loc":{"start":{"line":5,"column":41},"end":{"line":5,"column":81}},"line":5},"1":{"name":"(anonymous_1)","decl":{"start":{"line":6,"column":19},"end":{"line":6,"column":20}},"loc":{"start":{"line":6,"column":29},"end":{"line":8,"column":1}},"line":6},"2":{"name":"(anonymous_2)","decl":{"start":{"line":12,"column":12},"end":{"line":12,"column":13}},"loc":{"start":{"line":12,"column":20},"end":{"line":12,"column":114}},"line":12},"3":{"name":"(anonymous_3)","decl":{"start":{"line":13,"column":13},"end":{"line":13,"column":14}},"loc":{"start":{"line":13,"column":21},"end":{"line":17,"column":1}},"line":13},"4":{"name":"(anonymous_4)","decl":{"start":{"line":18,"column":13},"end":{"line":18,"column":14}},"loc":{"start":{"line":18,"column":19},"end":{"line":20,"column":1}},"line":18}},"branchMap":{"0":{"loc":{"start":{"line":12,"column":20},"end":{"line":12,"column":114}},"type":"binary-expr","locations":[{"start":{"line":12,"column":20},"end":{"line":12,"column":43}},{"start":{"line":12,"column":47},"end":{"line":12,"column":64}},{"start":{"line":12,"column":68},"end":{"line":12,"column":86}},{"start":{"line":12,"column":90},"end":{"line":12,"column":114}}],"line":12}},"s":{"0":1,"1":1,"2":1,"3":1,"4":10,"5":1,"6":8,"7":1,"8":1,"9":1,"10":6,"11":4,"12":4,"13":4,"14":1,"15":1,"16":1},"f":{"0":10,"1":8,"2":6,"3":4,"4":1},"b":{"0":[6,6,5,4]},"_coverageSchema":"1a1c01bbd47fc00a2c39e90264f33305004495a9","hash":"d5c4fe0597063968dddaef28d55e9e2782f442e4"}
,"/Users/dan/Projects/node-api/dist/controllers/role_assignments.js": {"path":"/Users/dan/Projects/node-api/dist/controllers/role_assignments.js","statementMap":{"0":{"start":{"line":2,"column":10},"end":{"line":2,"column":30}},"1":{"start":{"line":5,"column":8},"end":{"line":19,"column":10}},"2":{"start":{"line":6,"column":40},"end":{"line":6,"column":50}},"3":{"start":{"line":7,"column":33},"end":{"line":7,"column":71}},"4":{"start":{"line":8,"column":12},"end":{"line":18,"column":15}},"5":{"start":{"line":12,"column":16},"end":{"line":17,"column":17}},"6":{"start":{"line":13,"column":20},"end":{"line":13,"column":40}},"7":{"start":{"line":16,"column":20},"end":{"line":16,"column":40}},"8":{"start":{"line":22,"column":8},"end":{"line":28,"column":10}},"9":{"start":{"line":23,"column":33},"end":{"line":23,"column":43}},"10":{"start":{"line":24,"column":25},"end":{"line":24,"column":63}},"11":{"start":{"line":25,"column":12},"end":{"line":27,"column":15}},"12":{"start":{"line":26,"column":16},"end":{"line":26,"column":36}},"13":{"start":{"line":31,"column":0},"end":{"line":31,"column":43}}},"fnMap":{"0":{"name":"(anonymous_0)","decl":{"start":{"line":4,"column":4},"end":{"line":4,"column":5}},"loc":{"start":{"line":4,"column":25},"end":{"line":20,"column":5}},"line":4},"1":{"name":"(anonymous_1)","decl":{"start":{"line":5,"column":15},"end":{"line":5,"column":16}},"loc":{"start":{"line":5,"column":35},"end":{"line":19,"column":9}},"line":5},"2":{"name":"(anonymous_2)","decl":{"start":{"line":11,"column":20},"end":{"line":11,"column":21}},"loc":{"start":{"line":11,"column":25},"end":{"line":18,"column":13}},"line":11},"3":{"name":"(anonymous_3)","decl":{"start":{"line":21,"column":4},"end":{"line":21,"column":5}},"loc":{"start":{"line":21,"column":25},"end":{"line":29,"column":5}},"line":21},"4":{"name":"(anonymous_4)","decl":{"start":{"line":22,"column":15},"end":{"line":22,"column":16}},"loc":{"start":{"line":22,"column":35},"end":{"line":28,"column":9}},"line":22},"5":{"name":"(anonymous_5)","decl":{"start":{"line":25,"column":68},"end":{"line":25,"column":69}},"loc":{"start":{"line":25,"column":73},"end":{"line":27,"column":13}},"line":25}},"branchMap":{"0":{"loc":{"start":{"line":4,"column":11},"end":{"line":4,"column":23}},"type":"default-arg","locations":[{"start":{"line":4,"column":21},"end":{"line":4,"column":23}}],"line":4},"1":{"loc":{"start":{"line":12,"column":16},"end":{"line":17,"column":17}},"type":"if","locations":[{"start":{"line":12,"column":16},"end":{"line":17,"column":17}},{"start":{"line":12,"column":16},"end":{"line":17,"column":17}}],"line":12},"2":{"loc":{"start":{"line":21,"column":11},"end":{"line":21,"column":23}},"type":"default-arg","locations":[{"start":{"line":21,"column":21},"end":{"line":21,"column":23}}],"line":21}},"s":{"0":1,"1":1,"2":0,"3":0,"4":0,"5":0,"6":0,"7":0,"8":1,"9":0,"10":0,"11":0,"12":0,"13":1},"f":{"0":1,"1":0,"2":0,"3":1,"4":0,"5":0},"b":{"0":[1],"1":[0,0],"2":[1]},"_coverageSchema":"1a1c01bbd47fc00a2c39e90264f33305004495a9","hash":"f08156b68dcbb0e8ecd21c4b92263472dd6d5a20"}
,"/Users/dan/Projects/node-api/dist/controllers/roles.js": {"path":"/Users/dan/Projects/node-api/dist/controllers/roles.js","statementMap":{"0":{"start":{"line":2,"column":23},"end":{"line":2,"column":40}},"1":{"start":{"line":3,"column":22},"end":{"line":3,"column":55}},"2":{"start":{"line":6,"column":8},"end":{"line":6,"column":79}},"3":{"start":{"line":9,"column":8},"end":{"line":9,"column":48}},"4":{"start":{"line":10,"column":8},"end":{"line":20,"column":11}},"5":{"start":{"line":15,"column":12},"end":{"line":15,"column":44}},"6":{"start":{"line":16,"column":12},"end":{"line":16,"column":82}},"7":{"start":{"line":19,"column":12},"end":{"line":19,"column":22}},"8":{"start":{"line":23,"column":8},"end":{"line":33,"column":10}},"9":{"start":{"line":24,"column":23},"end":{"line":24,"column":38}},"10":{"start":{"line":25,"column":12},"end":{"line":32,"column":13}},"11":{"start":{"line":26,"column":16},"end":{"line":26,"column":87}},"12":{"start":{"line":29,"column":16},"end":{"line":31,"column":19}},"13":{"start":{"line":30,"column":20},"end":{"line":30,"column":65}},"14":{"start":{"line":36,"column":8},"end":{"line":46,"column":10}},"15":{"start":{"line":37,"column":23},"end":{"line":37,"column":38}},"16":{"start":{"line":38,"column":12},"end":{"line":45,"column":13}},"17":{"start":{"line":39,"column":16},"end":{"line":39,"column":87}},"18":{"start":{"line":42,"column":16},"end":{"line":44,"column":19}},"19":{"start":{"line":43,"column":20},"end":{"line":43,"column":43}},"20":{"start":{"line":49,"column":8},"end":{"line":51,"column":10}},"21":{"start":{"line":50,"column":12},"end":{"line":50,"column":59}},"22":{"start":{"line":54,"column":0},"end":{"line":54,"column":33}}},"fnMap":{"0":{"name":"(anonymous_0)","decl":{"start":{"line":5,"column":4},"end":{"line":5,"column":5}},"loc":{"start":{"line":5,"column":18},"end":{"line":7,"column":5}},"line":5},"1":{"name":"(anonymous_1)","decl":{"start":{"line":8,"column":4},"end":{"line":8,"column":5}},"loc":{"start":{"line":8,"column":27},"end":{"line":21,"column":5}},"line":8},"2":{"name":"(anonymous_2)","decl":{"start":{"line":14,"column":18},"end":{"line":14,"column":19}},"loc":{"start":{"line":14,"column":28},"end":{"line":17,"column":9}},"line":14},"3":{"name":"(anonymous_3)","decl":{"start":{"line":18,"column":19},"end":{"line":18,"column":20}},"loc":{"start":{"line":18,"column":26},"end":{"line":20,"column":9}},"line":18},"4":{"name":"(anonymous_4)","decl":{"start":{"line":22,"column":4},"end":{"line":22,"column":5}},"loc":{"start":{"line":22,"column":25},"end":{"line":34,"column":5}},"line":22},"5":{"name":"(anonymous_5)","decl":{"start":{"line":23,"column":15},"end":{"line":23,"column":16}},"loc":{"start":{"line":23,"column":35},"end":{"line":33,"column":9}},"line":23},"6":{"name":"(anonymous_6)","decl":{"start":{"line":29,"column":50},"end":{"line":29,"column":51}},"loc":{"start":{"line":29,"column":55},"end":{"line":31,"column":17}},"line":29},"7":{"name":"(anonymous_7)","decl":{"start":{"line":35,"column":4},"end":{"line":35,"column":5}},"loc":{"start":{"line":35,"column":25},"end":{"line":47,"column":5}},"line":35},"8":{"name":"(anonymous_8)","decl":{"start":{"line":36,"column":15},"end":{"line":36,"column":16}},"loc":{"start":{"line":36,"column":35},"end":{"line":46,"column":9}},"line":36},"9":{"name":"(anonymous_9)","decl":{"start":{"line":42,"column":43},"end":{"line":42,"column":44}},"loc":{"start":{"line":42,"column":48},"end":{"line":44,"column":17}},"line":42},"10":{"name":"(anonymous_10)","decl":{"start":{"line":48,"column":4},"end":{"line":48,"column":5}},"loc":{"start":{"line":48,"column":23},"end":{"line":52,"column":5}},"line":48},"11":{"name":"(anonymous_11)","decl":{"start":{"line":49,"column":15},"end":{"line":49,"column":16}},"loc":{"start":{"line":49,"column":35},"end":{"line":51,"column":9}},"line":49}},"branchMap":{"0":{"loc":{"start":{"line":22,"column":11},"end":{"line":22,"column":23}},"type":"default-arg","locations":[{"start":{"line":22,"column":21},"end":{"line":22,"column":23}}],"line":22},"1":{"loc":{"start":{"line":25,"column":12},"end":{"line":32,"column":13}},"type":"if","locations":[{"start":{"line":25,"column":12},"end":{"line":32,"column":13}},{"start":{"line":25,"column":12},"end":{"line":32,"column":13}}],"line":25},"2":{"loc":{"start":{"line":35,"column":11},"end":{"line":35,"column":23}},"type":"default-arg","locations":[{"start":{"line":35,"column":21},"end":{"line":35,"column":23}}],"line":35},"3":{"loc":{"start":{"line":38,"column":12},"end":{"line":45,"column":13}},"type":"if","locations":[{"start":{"line":38,"column":12},"end":{"line":45,"column":13}},{"start":{"line":38,"column":12},"end":{"line":45,"column":13}}],"line":38},"4":{"loc":{"start":{"line":48,"column":9},"end":{"line":48,"column":21}},"type":"default-arg","locations":[{"start":{"line":48,"column":19},"end":{"line":48,"column":21}}],"line":48}},"s":{"0":1,"1":1,"2":1,"3":0,"4":0,"5":0,"6":0,"7":0,"8":1,"9":0,"10":0,"11":0,"12":0,"13":0,"14":1,"15":0,"16":0,"17":0,"18":0,"19":0,"20":1,"21":0,"22":1},"f":{"0":1,"1":0,"2":0,"3":0,"4":1,"5":0,"6":0,"7":1,"8":0,"9":0,"10":1,"11":0},"b":{"0":[1],"1":[0,0],"2":[1],"3":[0,0],"4":[1]},"_coverageSchema":"1a1c01bbd47fc00a2c39e90264f33305004495a9","hash":"b0d327f1f7cba2ec8c7672e97e227d3488328759"}
,"/Users/dan/Projects/node-api/dist/controllers/users.js": {"path":"/Users/dan/Projects/node-api/dist/controllers/users.js","statementMap":{"0":{"start":{"line":2,"column":0},"end":{"line":4,"column":1}},"1":{"start":{"line":3,"column":4},"end":{"line":3,"column":31}},"2":{"start":{"line":5,"column":13},"end":{"line":5,"column":40}},"3":{"start":{"line":6,"column":23},"end":{"line":6,"column":40}},"4":{"start":{"line":9,"column":8},"end":{"line":9,"column":22}},"5":{"start":{"line":12,"column":8},"end":{"line":23,"column":11}},"6":{"start":{"line":13,"column":12},"end":{"line":14,"column":60}},"7":{"start":{"line":14,"column":16},"end":{"line":14,"column":60}},"8":{"start":{"line":15,"column":12},"end":{"line":22,"column":15}},"9":{"start":{"line":21,"column":16},"end":{"line":21,"column":43}},"10":{"start":{"line":26,"column":0},"end":{"line":26,"column":32}}},"fnMap":{"0":{"name":"(anonymous_0)","decl":{"start":{"line":8,"column":4},"end":{"line":8,"column":5}},"loc":{"start":{"line":8,"column":18},"end":{"line":10,"column":5}},"line":8},"1":{"name":"(anonymous_1)","decl":{"start":{"line":11,"column":4},"end":{"line":11,"column":5}},"loc":{"start":{"line":11,"column":23},"end":{"line":24,"column":5}},"line":11},"2":{"name":"(anonymous_2)","decl":{"start":{"line":12,"column":28},"end":{"line":12,"column":29}},"loc":{"start":{"line":12,"column":49},"end":{"line":23,"column":9}},"line":12},"3":{"name":"(anonymous_3)","decl":{"start":{"line":20,"column":15},"end":{"line":20,"column":16}},"loc":{"start":{"line":20,"column":32},"end":{"line":22,"column":13}},"line":20}},"branchMap":{"0":{"loc":{"start":{"line":2,"column":0},"end":{"line":4,"column":1}},"type":"if","locations":[{"start":{"line":2,"column":0},"end":{"line":4,"column":1}},{"start":{"line":2,"column":0},"end":{"line":4,"column":1}}],"line":2},"1":{"loc":{"start":{"line":13,"column":12},"end":{"line":14,"column":60}},"type":"if","locations":[{"start":{"line":13,"column":12},"end":{"line":14,"column":60}},{"start":{"line":13,"column":12},"end":{"line":14,"column":60}}],"line":13},"2":{"loc":{"start":{"line":19,"column":26},"end":{"line":19,"column":49}},"type":"binary-expr","locations":[{"start":{"line":19,"column":26},"end":{"line":19,"column":43}},{"start":{"line":19,"column":47},"end":{"line":19,"column":49}}],"line":19}},"s":{"0":1,"1":1,"2":1,"3":1,"4":1,"5":0,"6":0,"7":0,"8":0,"9":0,"10":1},"f":{"0":1,"1":0,"2":0,"3":0},"b":{"0":[1,0],"1":[0,0],"2":[0,0]},"_coverageSchema":"1a1c01bbd47fc00a2c39e90264f33305004495a9","hash":"1cd2b2f81b5a80792dc6e442375112ed2e24633d"}
,"/Users/dan/Projects/node-api/dist/lib/decorated_router.js": {"path":"/Users/dan/Projects/node-api/dist/lib/decorated_router.js","statementMap":{"0":{"start":{"line":2,"column":15},"end":{"line":2,"column":40}},"1":{"start":{"line":5,"column":8},"end":{"line":5,"column":31}},"2":{"start":{"line":6,"column":8},"end":{"line":6,"column":24}},"3":{"start":{"line":7,"column":8},"end":{"line":7,"column":37}},"4":{"start":{"line":10,"column":8},"end":{"line":19,"column":9}},"5":{"start":{"line":11,"column":12},"end":{"line":15,"column":13}},"6":{"start":{"line":12,"column":16},"end":{"line":12,"column":47}},"7":{"start":{"line":13,"column":16},"end":{"line":13,"column":55}},"8":{"start":{"line":14,"column":16},"end":{"line":14,"column":45}},"9":{"start":{"line":18,"column":12},"end":{"line":18,"column":41}},"10":{"start":{"line":20,"column":8},"end":{"line":20,"column":42}},"11":{"start":{"line":23,"column":8},"end":{"line":23,"column":41}},"12":{"start":{"line":26,"column":8},"end":{"line":26,"column":27}},"13":{"start":{"line":29,"column":8},"end":{"line":29,"column":45}},"14":{"start":{"line":30,"column":8},"end":{"line":30,"column":20}},"15":{"start":{"line":33,"column":8},"end":{"line":33,"column":32}},"16":{"start":{"line":37,"column":8},"end":{"line":45,"column":10}},"17":{"start":{"line":38,"column":12},"end":{"line":44,"column":13}},"18":{"start":{"line":39,"column":16},"end":{"line":39,"column":37}},"19":{"start":{"line":42,"column":16},"end":{"line":42,"column":54}},"20":{"start":{"line":43,"column":16},"end":{"line":43,"column":37}},"21":{"start":{"line":48,"column":8},"end":{"line":48,"column":33}},"22":{"start":{"line":52,"column":4},"end":{"line":63,"column":22}},"23":{"start":{"line":53,"column":19},"end":{"line":53,"column":38}},"24":{"start":{"line":54,"column":19},"end":{"line":54,"column":48}},"25":{"start":{"line":55,"column":19},"end":{"line":55,"column":28}},"26":{"start":{"line":56,"column":21},"end":{"line":56,"column":75}},"27":{"start":{"line":57,"column":8},"end":{"line":58,"column":42}},"28":{"start":{"line":58,"column":12},"end":{"line":58,"column":42}},"29":{"start":{"line":59,"column":8},"end":{"line":61,"column":9}},"30":{"start":{"line":60,"column":12},"end":{"line":60,"column":51}},"31":{"start":{"line":62,"column":8},"end":{"line":62,"column":20}},"32":{"start":{"line":65,"column":0},"end":{"line":65,"column":33}}},"fnMap":{"0":{"name":"(anonymous_0)","decl":{"start":{"line":4,"column":4},"end":{"line":4,"column":5}},"loc":{"start":{"line":4,"column":18},"end":{"line":8,"column":5}},"line":4},"1":{"name":"(anonymous_1)","decl":{"start":{"line":9,"column":4},"end":{"line":9,"column":5}},"loc":{"start":{"line":9,"column":19},"end":{"line":21,"column":5}},"line":9},"2":{"name":"(anonymous_2)","decl":{"start":{"line":22,"column":4},"end":{"line":22,"column":5}},"loc":{"start":{"line":22,"column":18},"end":{"line":24,"column":5}},"line":22},"3":{"name":"(anonymous_3)","decl":{"start":{"line":25,"column":4},"end":{"line":25,"column":5}},"loc":{"start":{"line":25,"column":11},"end":{"line":27,"column":5}},"line":25},"4":{"name":"(anonymous_4)","decl":{"start":{"line":28,"column":4},"end":{"line":28,"column":5}},"loc":{"start":{"line":28,"column":21},"end":{"line":31,"column":5}},"line":28},"5":{"name":"(anonymous_5)","decl":{"start":{"line":32,"column":4},"end":{"line":32,"column":5}},"loc":{"start":{"line":32,"column":21},"end":{"line":34,"column":5}},"line":32},"6":{"name":"(anonymous_6)","decl":{"start":{"line":35,"column":4},"end":{"line":35,"column":5}},"loc":{"start":{"line":35,"column":22},"end":{"line":46,"column":5}},"line":35},"7":{"name":"(anonymous_7)","decl":{"start":{"line":37,"column":15},"end":{"line":37,"column":16}},"loc":{"start":{"line":37,"column":35},"end":{"line":45,"column":9}},"line":37},"8":{"name":"(anonymous_8)","decl":{"start":{"line":47,"column":4},"end":{"line":47,"column":5}},"loc":{"start":{"line":47,"column":16},"end":{"line":49,"column":5}},"line":47},"9":{"name":"generateRouterDocs","decl":{"start":{"line":51,"column":9},"end":{"line":51,"column":27}},"loc":{"start":{"line":51,"column":36},"end":{"line":64,"column":1}},"line":51},"10":{"name":"(anonymous_10)","decl":{"start":{"line":52,"column":31},"end":{"line":52,"column":32}},"loc":{"start":{"line":52,"column":51},"end":{"line":63,"column":5}},"line":52}},"branchMap":{"0":{"loc":{"start":{"line":11,"column":12},"end":{"line":15,"column":13}},"type":"if","locations":[{"start":{"line":11,"column":12},"end":{"line":15,"column":13}},{"start":{"line":11,"column":12},"end":{"line":15,"column":13}}],"line":11},"1":{"loc":{"start":{"line":38,"column":12},"end":{"line":44,"column":13}},"type":"if","locations":[{"start":{"line":38,"column":12},"end":{"line":44,"column":13}},{"start":{"line":38,"column":12},"end":{"line":44,"column":13}}],"line":38},"2":{"loc":{"start":{"line":54,"column":19},"end":{"line":54,"column":48}},"type":"binary-expr","locations":[{"start":{"line":54,"column":19},"end":{"line":54,"column":42}},{"start":{"line":54,"column":46},"end":{"line":54,"column":48}}],"line":54},"3":{"loc":{"start":{"line":56,"column":21},"end":{"line":56,"column":75}},"type":"binary-expr","locations":[{"start":{"line":56,"column":21},"end":{"line":56,"column":41}},{"start":{"line":56,"column":45},"end":{"line":56,"column":75}}],"line":56},"4":{"loc":{"start":{"line":57,"column":8},"end":{"line":58,"column":42}},"type":"if","locations":[{"start":{"line":57,"column":8},"end":{"line":58,"column":42}},{"start":{"line":57,"column":8},"end":{"line":58,"column":42}}],"line":57},"5":{"loc":{"start":{"line":59,"column":8},"end":{"line":61,"column":9}},"type":"if","locations":[{"start":{"line":59,"column":8},"end":{"line":61,"column":9}},{"start":{"line":59,"column":8},"end":{"line":61,"column":9}}],"line":59}},"s":{"0":1,"1":3,"2":3,"3":3,"4":11,"5":11,"6":2,"7":2,"8":2,"9":0,"10":11,"11":0,"12":3,"13":2,"14":2,"15":0,"16":2,"17":0,"18":0,"19":0,"20":0,"21":0,"22":0,"23":0,"24":0,"25":0,"26":0,"27":0,"28":0,"29":0,"30":0,"31":0,"32":1},"f":{"0":3,"1":11,"2":0,"3":3,"4":2,"5":0,"6":2,"7":0,"8":0,"9":0,"10":0},"b":{"0":[2,9],"1":[0,0],"2":[0,0],"3":[0,0],"4":[0,0],"5":[0,0]},"_coverageSchema":"1a1c01bbd47fc00a2c39e90264f33305004495a9","hash":"874e161461296cf9342bf56d1a6cae8aaeb32802"}
,"/Users/dan/Projects/node-api/dist/lib/middleware/default_locale_info.js": {"path":"/Users/dan/Projects/node-api/dist/lib/middleware/default_locale_info.js","statementMap":{"0":{"start":{"line":14,"column":4},"end":{"line":20,"column":6}},"1":{"start":{"line":15,"column":8},"end":{"line":18,"column":9}},"2":{"start":{"line":16,"column":12},"end":{"line":16,"column":37}},"3":{"start":{"line":17,"column":12},"end":{"line":17,"column":47}},"4":{"start":{"line":19,"column":8},"end":{"line":19,"column":15}},"5":{"start":{"line":22,"column":0},"end":{"line":22,"column":35}}},"fnMap":{"0":{"name":"defaultLocaleInfo","decl":{"start":{"line":13,"column":9},"end":{"line":13,"column":26}},"loc":{"start":{"line":13,"column":52},"end":{"line":21,"column":1}},"line":13},"1":{"name":"(anonymous_1)","decl":{"start":{"line":14,"column":11},"end":{"line":14,"column":12}},"loc":{"start":{"line":14,"column":31},"end":{"line":20,"column":5}},"line":14}},"branchMap":{"0":{"loc":{"start":{"line":15,"column":8},"end":{"line":18,"column":9}},"type":"if","locations":[{"start":{"line":15,"column":8},"end":{"line":18,"column":9}},{"start":{"line":15,"column":8},"end":{"line":18,"column":9}}],"line":15},"1":{"loc":{"start":{"line":15,"column":12},"end":{"line":15,"column":66}},"type":"binary-expr","locations":[{"start":{"line":15,"column":12},"end":{"line":15,"column":20}},{"start":{"line":15,"column":24},"end":{"line":15,"column":66}}],"line":15},"2":{"loc":{"start":{"line":15,"column":26},"end":{"line":15,"column":65}},"type":"binary-expr","locations":[{"start":{"line":15,"column":26},"end":{"line":15,"column":46}},{"start":{"line":15,"column":50},"end":{"line":15,"column":65}}],"line":15}},"s":{"0":1,"1":0,"2":0,"3":0,"4":0,"5":1},"f":{"0":1,"1":0},"b":{"0":[0,0],"1":[0,0],"2":[0,0]},"_coverageSchema":"1a1c01bbd47fc00a2c39e90264f33305004495a9","hash":"03f19f28c87582115c67205104c083a8d1fbf424"}
,"/Users/dan/Projects/node-api/dist/lib/middleware/index.js": {"path":"/Users/dan/Projects/node-api/dist/lib/middleware/index.js","statementMap":{"0":{"start":{"line":2,"column":26},"end":{"line":2,"column":58}},"1":{"start":{"line":3,"column":24},"end":{"line":3,"column":55}},"2":{"start":{"line":4,"column":24},"end":{"line":4,"column":55}},"3":{"start":{"line":5,"column":24},"end":{"line":5,"column":55}},"4":{"start":{"line":6,"column":25},"end":{"line":6,"column":56}},"5":{"start":{"line":7,"column":27},"end":{"line":7,"column":60}},"6":{"start":{"line":8,"column":0},"end":{"line":15,"column":2}}},"fnMap":{},"branchMap":{},"s":{"0":1,"1":1,"2":1,"3":1,"4":1,"5":1,"6":1},"f":{},"b":{},"_coverageSchema":"1a1c01bbd47fc00a2c39e90264f33305004495a9","hash":"dd2bdcf8e7ebe61ff7bfb0fcc4ba43383f3b789a"}
,"/Users/dan/Projects/node-api/dist/lib/middleware/local_actor_by_jwt.js": {"path":"/Users/dan/Projects/node-api/dist/lib/middleware/local_actor_by_jwt.js","statementMap":{"0":{"start":{"line":2,"column":10},"end":{"line":2,"column":33}},"1":{"start":{"line":3,"column":13},"end":{"line":3,"column":19}},"2":{"start":{"line":5,"column":4},"end":{"line":23,"column":6}},"3":{"start":{"line":6,"column":29},"end":{"line":9,"column":9}},"4":{"start":{"line":10,"column":8},"end":{"line":12,"column":9}},"5":{"start":{"line":11,"column":12},"end":{"line":11,"column":72}},"6":{"start":{"line":13,"column":8},"end":{"line":22,"column":11}},"7":{"start":{"line":14,"column":12},"end":{"line":21,"column":13}},"8":{"start":{"line":15,"column":16},"end":{"line":15,"column":40}},"9":{"start":{"line":16,"column":16},"end":{"line":16,"column":23}},"10":{"start":{"line":19,"column":16},"end":{"line":19,"column":32}},"11":{"start":{"line":20,"column":16},"end":{"line":20,"column":26}},"12":{"start":{"line":25,"column":0},"end":{"line":25,"column":33}}},"fnMap":{"0":{"name":"localActorByJwt","decl":{"start":{"line":4,"column":9},"end":{"line":4,"column":24}},"loc":{"start":{"line":4,"column":56},"end":{"line":24,"column":1}},"line":4},"1":{"name":"(anonymous_1)","decl":{"start":{"line":5,"column":11},"end":{"line":5,"column":12}},"loc":{"start":{"line":5,"column":31},"end":{"line":23,"column":5}},"line":5},"2":{"name":"(anonymous_2)","decl":{"start":{"line":13,"column":49},"end":{"line":13,"column":50}},"loc":{"start":{"line":13,"column":57},"end":{"line":22,"column":9}},"line":13}},"branchMap":{"0":{"loc":{"start":{"line":4,"column":25},"end":{"line":4,"column":54}},"type":"default-arg","locations":[{"start":{"line":4,"column":52},"end":{"line":4,"column":54}}],"line":4},"1":{"loc":{"start":{"line":4,"column":27},"end":{"line":4,"column":47}},"type":"default-arg","locations":[{"start":{"line":4,"column":42},"end":{"line":4,"column":47}}],"line":4},"2":{"loc":{"start":{"line":10,"column":8},"end":{"line":12,"column":9}},"type":"if","locations":[{"start":{"line":10,"column":8},"end":{"line":12,"column":9}},{"start":{"line":10,"column":8},"end":{"line":12,"column":9}}],"line":10},"3":{"loc":{"start":{"line":14,"column":12},"end":{"line":21,"column":13}},"type":"if","locations":[{"start":{"line":14,"column":12},"end":{"line":21,"column":13}},{"start":{"line":14,"column":12},"end":{"line":21,"column":13}}],"line":14}},"s":{"0":1,"1":1,"2":2,"3":0,"4":0,"5":0,"6":0,"7":0,"8":0,"9":0,"10":0,"11":0,"12":1},"f":{"0":2,"1":0,"2":0},"b":{"0":[1],"1":[1],"2":[0,0],"3":[0,0]},"_coverageSchema":"1a1c01bbd47fc00a2c39e90264f33305004495a9","hash":"f59db30a1bd9d17cf094d42584d000703f8e13a9"}
,"/Users/dan/Projects/node-api/dist/lib/middleware/local_role_by_slug.js": {"path":"/Users/dan/Projects/node-api/dist/lib/middleware/local_role_by_slug.js","statementMap":{"0":{"start":{"line":2,"column":10},"end":{"line":2,"column":33}},"1":{"start":{"line":3,"column":13},"end":{"line":3,"column":19}},"2":{"start":{"line":5,"column":25},"end":{"line":5,"column":40}},"3":{"start":{"line":6,"column":4},"end":{"line":8,"column":5}},"4":{"start":{"line":7,"column":8},"end":{"line":7,"column":68}},"5":{"start":{"line":9,"column":4},"end":{"line":11,"column":5}},"6":{"start":{"line":10,"column":8},"end":{"line":10,"column":68}},"7":{"start":{"line":12,"column":4},"end":{"line":24,"column":6}},"8":{"start":{"line":13,"column":8},"end":{"line":13,"column":62}},"9":{"start":{"line":14,"column":8},"end":{"line":23,"column":11}},"10":{"start":{"line":15,"column":12},"end":{"line":22,"column":13}},"11":{"start":{"line":16,"column":16},"end":{"line":16,"column":36}},"12":{"start":{"line":17,"column":16},"end":{"line":17,"column":23}},"13":{"start":{"line":20,"column":16},"end":{"line":20,"column":32}},"14":{"start":{"line":21,"column":16},"end":{"line":21,"column":26}},"15":{"start":{"line":26,"column":0},"end":{"line":26,"column":33}}},"fnMap":{"0":{"name":"localRoleBySlug","decl":{"start":{"line":4,"column":9},"end":{"line":4,"column":24}},"loc":{"start":{"line":4,"column":96},"end":{"line":25,"column":1}},"line":4},"1":{"name":"(anonymous_1)","decl":{"start":{"line":12,"column":11},"end":{"line":12,"column":12}},"loc":{"start":{"line":12,"column":31},"end":{"line":24,"column":5}},"line":12},"2":{"name":"(anonymous_2)","decl":{"start":{"line":14,"column":49},"end":{"line":14,"column":50}},"loc":{"start":{"line":14,"column":54},"end":{"line":23,"column":9}},"line":14}},"branchMap":{"0":{"loc":{"start":{"line":4,"column":25},"end":{"line":4,"column":94}},"type":"default-arg","locations":[{"start":{"line":4,"column":92},"end":{"line":4,"column":94}}],"line":4},"1":{"loc":{"start":{"line":4,"column":27},"end":{"line":4,"column":44}},"type":"default-arg","locations":[{"start":{"line":4,"column":38},"end":{"line":4,"column":44}}],"line":4},"2":{"loc":{"start":{"line":4,"column":46},"end":{"line":4,"column":66}},"type":"default-arg","locations":[{"start":{"line":4,"column":61},"end":{"line":4,"column":66}}],"line":4},"3":{"loc":{"start":{"line":4,"column":68},"end":{"line":4,"column":87}},"type":"default-arg","locations":[{"start":{"line":4,"column":83},"end":{"line":4,"column":87}}],"line":4},"4":{"loc":{"start":{"line":6,"column":4},"end":{"line":8,"column":5}},"type":"if","locations":[{"start":{"line":6,"column":4},"end":{"line":8,"column":5}},{"start":{"line":6,"column":4},"end":{"line":8,"column":5}}],"line":6},"5":{"loc":{"start":{"line":9,"column":4},"end":{"line":11,"column":5}},"type":"if","locations":[{"start":{"line":9,"column":4},"end":{"line":11,"column":5}},{"start":{"line":9,"column":4},"end":{"line":11,"column":5}}],"line":9},"6":{"loc":{"start":{"line":15,"column":12},"end":{"line":22,"column":13}},"type":"if","locations":[{"start":{"line":15,"column":12},"end":{"line":22,"column":13}},{"start":{"line":15,"column":12},"end":{"line":22,"column":13}}],"line":15}},"s":{"0":1,"1":1,"2":5,"3":5,"4":3,"5":5,"6":5,"7":5,"8":0,"9":0,"10":0,"11":0,"12":0,"13":0,"14":0,"15":1},"f":{"0":5,"1":0,"2":0},"b":{"0":[0],"1":[3],"2":[2],"3":[5],"4":[3,2],"5":[5,0],"6":[0,0]},"_coverageSchema":"1a1c01bbd47fc00a2c39e90264f33305004495a9","hash":"09a2b8b37620fbfd278ad0366dd4d5f2f541adf1"}
,"/Users/dan/Projects/node-api/dist/lib/middleware/local_user_by_slug.js": {"path":"/Users/dan/Projects/node-api/dist/lib/middleware/local_user_by_slug.js","statementMap":{"0":{"start":{"line":2,"column":10},"end":{"line":2,"column":33}},"1":{"start":{"line":3,"column":13},"end":{"line":3,"column":19}},"2":{"start":{"line":5,"column":4},"end":{"line":20,"column":6}},"3":{"start":{"line":6,"column":29},"end":{"line":6,"column":83}},"4":{"start":{"line":7,"column":8},"end":{"line":9,"column":9}},"5":{"start":{"line":8,"column":12},"end":{"line":8,"column":72}},"6":{"start":{"line":10,"column":8},"end":{"line":19,"column":11}},"7":{"start":{"line":11,"column":12},"end":{"line":18,"column":13}},"8":{"start":{"line":12,"column":16},"end":{"line":12,"column":39}},"9":{"start":{"line":13,"column":16},"end":{"line":13,"column":23}},"10":{"start":{"line":16,"column":16},"end":{"line":16,"column":32}},"11":{"start":{"line":17,"column":16},"end":{"line":17,"column":26}},"12":{"start":{"line":22,"column":0},"end":{"line":22,"column":33}}},"fnMap":{"0":{"name":"localUserBySlug","decl":{"start":{"line":4,"column":9},"end":{"line":4,"column":24}},"loc":{"start":{"line":4,"column":75},"end":{"line":21,"column":1}},"line":4},"1":{"name":"(anonymous_1)","decl":{"start":{"line":5,"column":11},"end":{"line":5,"column":12}},"loc":{"start":{"line":5,"column":31},"end":{"line":20,"column":5}},"line":5},"2":{"name":"(anonymous_2)","decl":{"start":{"line":10,"column":49},"end":{"line":10,"column":50}},"loc":{"start":{"line":10,"column":57},"end":{"line":19,"column":9}},"line":10}},"branchMap":{"0":{"loc":{"start":{"line":4,"column":25},"end":{"line":4,"column":73}},"type":"default-arg","locations":[{"start":{"line":4,"column":71},"end":{"line":4,"column":73}}],"line":4},"1":{"loc":{"start":{"line":4,"column":27},"end":{"line":4,"column":47}},"type":"default-arg","locations":[{"start":{"line":4,"column":42},"end":{"line":4,"column":47}}],"line":4},"2":{"loc":{"start":{"line":4,"column":49},"end":{"line":4,"column":66}},"type":"default-arg","locations":[{"start":{"line":4,"column":60},"end":{"line":4,"column":66}}],"line":4},"3":{"loc":{"start":{"line":7,"column":8},"end":{"line":9,"column":9}},"type":"if","locations":[{"start":{"line":7,"column":8},"end":{"line":9,"column":9}},{"start":{"line":7,"column":8},"end":{"line":9,"column":9}}],"line":7},"4":{"loc":{"start":{"line":11,"column":12},"end":{"line":18,"column":13}},"type":"if","locations":[{"start":{"line":11,"column":12},"end":{"line":18,"column":13}},{"start":{"line":11,"column":12},"end":{"line":18,"column":13}}],"line":11}},"s":{"0":1,"1":1,"2":2,"3":0,"4":0,"5":0,"6":0,"7":0,"8":0,"9":0,"10":0,"11":0,"12":1},"f":{"0":2,"1":0,"2":0},"b":{"0":[0],"1":[1],"2":[2],"3":[0,0],"4":[0,0]},"_coverageSchema":"1a1c01bbd47fc00a2c39e90264f33305004495a9","hash":"e478e82227d6c850e8254c84dccc530e1a5347ee"}
,"/Users/dan/Projects/node-api/dist/lib/middleware/require_actor_role.js": {"path":"/Users/dan/Projects/node-api/dist/lib/middleware/require_actor_role.js","statementMap":{"0":{"start":{"line":3,"column":4},"end":{"line":11,"column":6}},"1":{"start":{"line":4,"column":20},"end":{"line":4,"column":36}},"2":{"start":{"line":5,"column":8},"end":{"line":10,"column":9}},"3":{"start":{"line":6,"column":12},"end":{"line":6,"column":19}},"4":{"start":{"line":9,"column":12},"end":{"line":9,"column":84}},"5":{"start":{"line":14,"column":4},"end":{"line":17,"column":12}},"6":{"start":{"line":16,"column":12},"end":{"line":16,"column":35}},"7":{"start":{"line":19,"column":0},"end":{"line":19,"column":34}}},"fnMap":{"0":{"name":"requireActorRole","decl":{"start":{"line":2,"column":9},"end":{"line":2,"column":25}},"loc":{"start":{"line":2,"column":32},"end":{"line":12,"column":1}},"line":2},"1":{"name":"(anonymous_1)","decl":{"start":{"line":3,"column":11},"end":{"line":3,"column":12}},"loc":{"start":{"line":3,"column":31},"end":{"line":11,"column":5}},"line":3},"2":{"name":"hasRole","decl":{"start":{"line":13,"column":9},"end":{"line":13,"column":16}},"loc":{"start":{"line":13,"column":35},"end":{"line":18,"column":1}},"line":13},"3":{"name":"(anonymous_3)","decl":{"start":{"line":15,"column":25},"end":{"line":15,"column":26}},"loc":{"start":{"line":15,"column":30},"end":{"line":17,"column":9}},"line":15}},"branchMap":{"0":{"loc":{"start":{"line":5,"column":8},"end":{"line":10,"column":9}},"type":"if","locations":[{"start":{"line":5,"column":8},"end":{"line":10,"column":9}},{"start":{"line":5,"column":8},"end":{"line":10,"column":9}}],"line":5},"1":{"loc":{"start":{"line":13,"column":17},"end":{"line":13,"column":27}},"type":"default-arg","locations":[{"start":{"line":13,"column":25},"end":{"line":13,"column":27}}],"line":13},"2":{"loc":{"start":{"line":14,"column":12},"end":{"line":17,"column":10}},"type":"binary-expr","locations":[{"start":{"line":14,"column":12},"end":{"line":14,"column":23}},{"start":{"line":15,"column":8},"end":{"line":17,"column":10}}],"line":14}},"s":{"0":1,"1":0,"2":0,"3":0,"4":0,"5":0,"6":0,"7":1},"f":{"0":1,"1":0,"2":0,"3":0},"b":{"0":[0,0],"1":[0],"2":[0,0]},"_coverageSchema":"1a1c01bbd47fc00a2c39e90264f33305004495a9","hash":"73fd93984a94a2849b475baa9ae2a4f521faba70"}
,"/Users/dan/Projects/node-api/dist/lib/middleware/require_content_type.js": {"path":"/Users/dan/Projects/node-api/dist/lib/middleware/require_content_type.js","statementMap":{"0":{"start":{"line":3,"column":4},"end":{"line":13,"column":6}},"1":{"start":{"line":4,"column":26},"end":{"line":4,"column":76}},"2":{"start":{"line":5,"column":8},"end":{"line":12,"column":9}},"3":{"start":{"line":6,"column":12},"end":{"line":6,"column":19}},"4":{"start":{"line":9,"column":12},"end":{"line":11,"column":71}},"5":{"start":{"line":15,"column":0},"end":{"line":15,"column":36}}},"fnMap":{"0":{"name":"requireContentType","decl":{"start":{"line":2,"column":9},"end":{"line":2,"column":27}},"loc":{"start":{"line":2,"column":41},"end":{"line":14,"column":1}},"line":2},"1":{"name":"(anonymous_1)","decl":{"start":{"line":3,"column":11},"end":{"line":3,"column":12}},"loc":{"start":{"line":3,"column":31},"end":{"line":13,"column":5}},"line":3}},"branchMap":{"0":{"loc":{"start":{"line":4,"column":26},"end":{"line":4,"column":76}},"type":"binary-expr","locations":[{"start":{"line":4,"column":27},"end":{"line":4,"column":38}},{"start":{"line":4,"column":42},"end":{"line":4,"column":69}},{"start":{"line":4,"column":74},"end":{"line":4,"column":76}}],"line":4},"1":{"loc":{"start":{"line":5,"column":8},"end":{"line":12,"column":9}},"type":"if","locations":[{"start":{"line":5,"column":8},"end":{"line":12,"column":9}},{"start":{"line":5,"column":8},"end":{"line":12,"column":9}}],"line":5}},"s":{"0":3,"1":0,"2":0,"3":0,"4":0,"5":1},"f":{"0":3,"1":0},"b":{"0":[0,0,0],"1":[0,0]},"_coverageSchema":"1a1c01bbd47fc00a2c39e90264f33305004495a9","hash":"cfe2355265de64823031c79a459fc1cfecd50414"}
,"/Users/dan/Projects/node-api/dist/lib/presenters/role.js": {"path":"/Users/dan/Projects/node-api/dist/lib/presenters/role.js","statementMap":{"0":{"start":{"line":2,"column":38},"end":{"line":2,"column":55}},"1":{"start":{"line":4,"column":4},"end":{"line":4,"column":76}},"2":{"start":{"line":7,"column":4},"end":{"line":9,"column":5}},"3":{"start":{"line":8,"column":8},"end":{"line":8,"column":18}},"4":{"start":{"line":10,"column":4},"end":{"line":16,"column":6}},"5":{"start":{"line":19,"column":4},"end":{"line":21,"column":7}},"6":{"start":{"line":20,"column":8},"end":{"line":20,"column":30}},"7":{"start":{"line":23,"column":0},"end":{"line":23,"column":58}}},"fnMap":{"0":{"name":"presenter","decl":{"start":{"line":3,"column":9},"end":{"line":3,"column":18}},"loc":{"start":{"line":3,"column":30},"end":{"line":5,"column":1}},"line":3},"1":{"name":"presentRole","decl":{"start":{"line":6,"column":9},"end":{"line":6,"column":20}},"loc":{"start":{"line":6,"column":27},"end":{"line":17,"column":1}},"line":6},"2":{"name":"presentRoles","decl":{"start":{"line":18,"column":9},"end":{"line":18,"column":21}},"loc":{"start":{"line":18,"column":29},"end":{"line":22,"column":1}},"line":18},"3":{"name":"(anonymous_3)","decl":{"start":{"line":19,"column":21},"end":{"line":19,"column":22}},"loc":{"start":{"line":19,"column":26},"end":{"line":21,"column":5}},"line":19}},"branchMap":{"0":{"loc":{"start":{"line":4,"column":11},"end":{"line":4,"column":75}},"type":"cond-expr","locations":[{"start":{"line":4,"column":27},"end":{"line":4,"column":50}},{"start":{"line":4,"column":53},"end":{"line":4,"column":75}}],"line":4},"1":{"loc":{"start":{"line":7,"column":4},"end":{"line":9,"column":5}},"type":"if","locations":[{"start":{"line":7,"column":4},"end":{"line":9,"column":5}},{"start":{"line":7,"column":4},"end":{"line":9,"column":5}}],"line":7},"2":{"loc":{"start":{"line":14,"column":17},"end":{"line":14,"column":65}},"type":"cond-expr","locations":[{"start":{"line":14,"column":30},"end":{"line":14,"column":53}},{"start":{"line":14,"column":56},"end":{"line":14,"column":65}}],"line":14},"3":{"loc":{"start":{"line":15,"column":15},"end":{"line":15,"column":64}},"type":"cond-expr","locations":[{"start":{"line":15,"column":28},"end":{"line":15,"column":52}},{"start":{"line":15,"column":55},"end":{"line":15,"column":64}}],"line":15}},"s":{"0":1,"1":0,"2":0,"3":0,"4":0,"5":0,"6":0,"7":1},"f":{"0":0,"1":0,"2":0,"3":0},"b":{"0":[0,0],"1":[0,0],"2":[0,0],"3":[0,0]},"_coverageSchema":"1a1c01bbd47fc00a2c39e90264f33305004495a9","hash":"5e4d705673ac9e920789a8821419028a9946211c"}
,"/Users/dan/Projects/node-api/dist/lib/presenters/user.js": {"path":"/Users/dan/Projects/node-api/dist/lib/presenters/user.js","statementMap":{"0":{"start":{"line":3,"column":4},"end":{"line":3,"column":76}},"1":{"start":{"line":6,"column":4},"end":{"line":8,"column":5}},"2":{"start":{"line":7,"column":8},"end":{"line":7,"column":18}},"3":{"start":{"line":9,"column":4},"end":{"line":12,"column":6}},"4":{"start":{"line":15,"column":4},"end":{"line":17,"column":7}},"5":{"start":{"line":16,"column":8},"end":{"line":16,"column":30}},"6":{"start":{"line":19,"column":0},"end":{"line":19,"column":58}}},"fnMap":{"0":{"name":"presenter","decl":{"start":{"line":2,"column":9},"end":{"line":2,"column":18}},"loc":{"start":{"line":2,"column":30},"end":{"line":4,"column":1}},"line":2},"1":{"name":"presentUser","decl":{"start":{"line":5,"column":9},"end":{"line":5,"column":20}},"loc":{"start":{"line":5,"column":24},"end":{"line":13,"column":1}},"line":5},"2":{"name":"presentUsers","decl":{"start":{"line":14,"column":9},"end":{"line":14,"column":21}},"loc":{"start":{"line":14,"column":29},"end":{"line":18,"column":1}},"line":14},"3":{"name":"(anonymous_3)","decl":{"start":{"line":15,"column":21},"end":{"line":15,"column":22}},"loc":{"start":{"line":15,"column":26},"end":{"line":17,"column":5}},"line":15}},"branchMap":{"0":{"loc":{"start":{"line":3,"column":11},"end":{"line":3,"column":75}},"type":"cond-expr","locations":[{"start":{"line":3,"column":27},"end":{"line":3,"column":50}},{"start":{"line":3,"column":53},"end":{"line":3,"column":75}}],"line":3},"1":{"loc":{"start":{"line":6,"column":4},"end":{"line":8,"column":5}},"type":"if","locations":[{"start":{"line":6,"column":4},"end":{"line":8,"column":5}},{"start":{"line":6,"column":4},"end":{"line":8,"column":5}}],"line":6}},"s":{"0":0,"1":0,"2":0,"3":0,"4":0,"5":0,"6":1},"f":{"0":0,"1":0,"2":0,"3":0},"b":{"0":[0,0],"1":[0,0]},"_coverageSchema":"1a1c01bbd47fc00a2c39e90264f33305004495a9","hash":"2e732d353cc2f70d79f652720735f25644e2c046"}
,"/Users/dan/Projects/node-api/dist/models/client.js": {"path":"/Users/dan/Projects/node-api/dist/models/client.js","statementMap":{"0":{"start":{"line":2,"column":18},"end":{"line":2,"column":38}},"1":{"start":{"line":3,"column":0},"end":{"line":44,"column":2}},"2":{"start":{"line":12,"column":12},"end":{"line":17,"column":15}},"3":{"start":{"line":21,"column":4},"end":{"line":42,"column":7}},"4":{"start":{"line":43,"column":4},"end":{"line":43,"column":18}}},"fnMap":{"0":{"name":"(anonymous_0)","decl":{"start":{"line":3,"column":17},"end":{"line":3,"column":18}},"loc":{"start":{"line":3,"column":43},"end":{"line":44,"column":1}},"line":3},"1":{"name":"(anonymous_1)","decl":{"start":{"line":10,"column":8},"end":{"line":10,"column":9}},"loc":{"start":{"line":10,"column":33},"end":{"line":18,"column":9}},"line":10}},"branchMap":{},"s":{"0":1,"1":1,"2":1,"3":1,"4":1},"f":{"0":1,"1":1},"b":{},"_coverageSchema":"1a1c01bbd47fc00a2c39e90264f33305004495a9","hash":"440d57aa726b48df4107015c5523099fb3296793"}
,"/Users/dan/Projects/node-api/dist/models/client_users.js": {"path":"/Users/dan/Projects/node-api/dist/models/client_users.js","statementMap":{"0":{"start":{"line":2,"column":18},"end":{"line":2,"column":38}},"1":{"start":{"line":3,"column":0},"end":{"line":26,"column":2}},"2":{"start":{"line":15,"column":4},"end":{"line":24,"column":7}},"3":{"start":{"line":25,"column":4},"end":{"line":25,"column":23}}},"fnMap":{"0":{"name":"(anonymous_0)","decl":{"start":{"line":3,"column":17},"end":{"line":3,"column":18}},"loc":{"start":{"line":3,"column":43},"end":{"line":26,"column":1}},"line":3},"1":{"name":"(anonymous_1)","decl":{"start":{"line":10,"column":8},"end":{"line":10,"column":9}},"loc":{"start":{"line":10,"column":33},"end":{"line":12,"column":9}},"line":10}},"branchMap":{},"s":{"0":1,"1":1,"2":1,"3":1},"f":{"0":1,"1":0},"b":{},"_coverageSchema":"1a1c01bbd47fc00a2c39e90264f33305004495a9","hash":"22cda90392208d5ca0c0b1c145c393290165a771"}
,"/Users/dan/Projects/node-api/dist/models/clientusers.js": {"path":"/Users/dan/Projects/node-api/dist/models/clientusers.js","statementMap":{"0":{"start":{"line":2,"column":18},"end":{"line":2,"column":38}},"1":{"start":{"line":3,"column":0},"end":{"line":25,"column":2}},"2":{"start":{"line":15,"column":4},"end":{"line":23,"column":7}},"3":{"start":{"line":24,"column":4},"end":{"line":24,"column":23}}},"fnMap":{"0":{"name":"(anonymous_0)","decl":{"start":{"line":3,"column":17},"end":{"line":3,"column":18}},"loc":{"start":{"line":3,"column":43},"end":{"line":25,"column":1}},"line":3},"1":{"name":"(anonymous_1)","decl":{"start":{"line":10,"column":8},"end":{"line":10,"column":9}},"loc":{"start":{"line":10,"column":33},"end":{"line":12,"column":9}},"line":10}},"branchMap":{},"s":{"0":1,"1":1,"2":1,"3":1},"f":{"0":1,"1":1},"b":{},"_coverageSchema":"1a1c01bbd47fc00a2c39e90264f33305004495a9","hash":"7ebe59574576d3e611e1a62eb397e0dee1443c05"}
,"/Users/dan/Projects/node-api/dist/models/index.js": {"path":"/Users/dan/Projects/node-api/dist/models/index.js","statementMap":{"0":{"start":{"line":2,"column":11},"end":{"line":2,"column":24}},"1":{"start":{"line":3,"column":13},"end":{"line":3,"column":28}},"2":{"start":{"line":4,"column":18},"end":{"line":4,"column":38}},"3":{"start":{"line":5,"column":17},"end":{"line":5,"column":47}},"4":{"start":{"line":6,"column":15},"end":{"line":6,"column":41}},"5":{"start":{"line":7,"column":12},"end":{"line":7,"column":49}},"6":{"start":{"line":8,"column":11},"end":{"line":8,"column":13}},"7":{"start":{"line":9,"column":18},"end":{"line":9,"column":44}},"8":{"start":{"line":10,"column":0},"end":{"line":15,"column":3}},"9":{"start":{"line":11,"column":20},"end":{"line":11,"column":92}},"10":{"start":{"line":13,"column":18},"end":{"line":13,"column":85}},"11":{"start":{"line":14,"column":4},"end":{"line":14,"column":27}},"12":{"start":{"line":17,"column":0},"end":{"line":24,"column":3}},"13":{"start":{"line":18,"column":4},"end":{"line":20,"column":5}},"14":{"start":{"line":19,"column":8},"end":{"line":19,"column":36}},"15":{"start":{"line":21,"column":4},"end":{"line":23,"column":5}},"16":{"start":{"line":22,"column":8},"end":{"line":22,"column":51}},"17":{"start":{"line":25,"column":0},"end":{"line":25,"column":25}},"18":{"start":{"line":26,"column":0},"end":{"line":26,"column":25}},"19":{"start":{"line":27,"column":0},"end":{"line":27,"column":20}}},"fnMap":{"0":{"name":"(anonymous_0)","decl":{"start":{"line":11,"column":12},"end":{"line":11,"column":13}},"loc":{"start":{"line":11,"column":20},"end":{"line":11,"column":92}},"line":11},"1":{"name":"(anonymous_1)","decl":{"start":{"line":12,"column":13},"end":{"line":12,"column":14}},"loc":{"start":{"line":12,"column":21},"end":{"line":15,"column":1}},"line":12},"2":{"name":"(anonymous_2)","decl":{"start":{"line":17,"column":24},"end":{"line":17,"column":25}},"loc":{"start":{"line":17,"column":37},"end":{"line":24,"column":1}},"line":17}},"branchMap":{"0":{"loc":{"start":{"line":7,"column":12},"end":{"line":7,"column":49}},"type":"binary-expr","locations":[{"start":{"line":7,"column":12},"end":{"line":7,"column":32}},{"start":{"line":7,"column":36},"end":{"line":7,"column":49}}],"line":7},"1":{"loc":{"start":{"line":11,"column":20},"end":{"line":11,"column":92}},"type":"binary-expr","locations":[{"start":{"line":11,"column":20},"end":{"line":11,"column":43}},{"start":{"line":11,"column":47},"end":{"line":11,"column":64}},{"start":{"line":11,"column":68},"end":{"line":11,"column":92}}],"line":11},"2":{"loc":{"start":{"line":18,"column":4},"end":{"line":20,"column":5}},"type":"if","locations":[{"start":{"line":18,"column":4},"end":{"line":20,"column":5}},{"start":{"line":18,"column":4},"end":{"line":20,"column":5}}],"line":18},"3":{"loc":{"start":{"line":21,"column":4},"end":{"line":23,"column":5}},"type":"if","locations":[{"start":{"line":21,"column":4},"end":{"line":23,"column":5}},{"start":{"line":21,"column":4},"end":{"line":23,"column":5}}],"line":21}},"s":{"0":1,"1":1,"2":1,"3":1,"4":1,"5":1,"6":1,"7":1,"8":1,"9":7,"10":6,"11":6,"12":1,"13":5,"14":5,"15":5,"16":0,"17":1,"18":1,"19":1},"f":{"0":7,"1":6,"2":5},"b":{"0":[1,0],"1":[7,7,6],"2":[5,0],"3":[0,5]},"_coverageSchema":"1a1c01bbd47fc00a2c39e90264f33305004495a9","hash":"afbf50ead1ef2e8c1c30474893f79dd15b8d61df"}
,"/Users/dan/Projects/node-api/dist/models/role.js": {"path":"/Users/dan/Projects/node-api/dist/models/role.js","statementMap":{"0":{"start":{"line":2,"column":0},"end":{"line":33,"column":2}},"1":{"start":{"line":3,"column":18},"end":{"line":16,"column":30}},"2":{"start":{"line":17,"column":4},"end":{"line":28,"column":6}},"3":{"start":{"line":18,"column":8},"end":{"line":23,"column":11}},"4":{"start":{"line":24,"column":8},"end":{"line":27,"column":11}},"5":{"start":{"line":29,"column":4},"end":{"line":31,"column":6}},"6":{"start":{"line":30,"column":8},"end":{"line":30,"column":37}},"7":{"start":{"line":32,"column":4},"end":{"line":32,"column":17}}},"fnMap":{"0":{"name":"(anonymous_0)","decl":{"start":{"line":2,"column":17},"end":{"line":2,"column":18}},"loc":{"start":{"line":2,"column":43},"end":{"line":33,"column":1}},"line":2},"1":{"name":"(anonymous_1)","decl":{"start":{"line":17,"column":22},"end":{"line":17,"column":23}},"loc":{"start":{"line":17,"column":40},"end":{"line":28,"column":5}},"line":17},"2":{"name":"(anonymous_2)","decl":{"start":{"line":29,"column":30},"end":{"line":29,"column":31}},"loc":{"start":{"line":29,"column":42},"end":{"line":31,"column":5}},"line":29}},"branchMap":{},"s":{"0":1,"1":1,"2":1,"3":1,"4":1,"5":1,"6":0,"7":1},"f":{"0":1,"1":1,"2":0},"b":{},"_coverageSchema":"1a1c01bbd47fc00a2c39e90264f33305004495a9","hash":"3174ed4a7f0fa63774dd4be3b9a20c2654ea3882"}
,"/Users/dan/Projects/node-api/dist/models/role_assignment.js": {"path":"/Users/dan/Projects/node-api/dist/models/role_assignment.js","statementMap":{"0":{"start":{"line":2,"column":0},"end":{"line":29,"column":2}},"1":{"start":{"line":3,"column":18},"end":{"line":15,"column":41}},"2":{"start":{"line":16,"column":4},"end":{"line":27,"column":6}},"3":{"start":{"line":17,"column":8},"end":{"line":21,"column":11}},"4":{"start":{"line":22,"column":8},"end":{"line":26,"column":11}},"5":{"start":{"line":28,"column":4},"end":{"line":28,"column":17}}},"fnMap":{"0":{"name":"(anonymous_0)","decl":{"start":{"line":2,"column":17},"end":{"line":2,"column":18}},"loc":{"start":{"line":2,"column":43},"end":{"line":29,"column":1}},"line":2},"1":{"name":"(anonymous_1)","decl":{"start":{"line":16,"column":22},"end":{"line":16,"column":23}},"loc":{"start":{"line":16,"column":40},"end":{"line":27,"column":5}},"line":16}},"branchMap":{},"s":{"0":1,"1":1,"2":1,"3":1,"4":1,"5":1},"f":{"0":1,"1":1},"b":{},"_coverageSchema":"1a1c01bbd47fc00a2c39e90264f33305004495a9","hash":"d01f2ada535db71b2ee796e39542ce3fca86a4b2"}
,"/Users/dan/Projects/node-api/dist/models/user.js": {"path":"/Users/dan/Projects/node-api/dist/models/user.js","statementMap":{"0":{"start":{"line":2,"column":21},"end":{"line":2,"column":57}},"1":{"start":{"line":3,"column":15},"end":{"line":3,"column":32}},"2":{"start":{"line":4,"column":19},"end":{"line":7,"column":1}},"3":{"start":{"line":8,"column":13},"end":{"line":82,"column":1}},"4":{"start":{"line":9,"column":18},"end":{"line":47,"column":6}},"5":{"start":{"line":48,"column":4},"end":{"line":51,"column":7}},"6":{"start":{"line":49,"column":8},"end":{"line":49,"column":38}},"7":{"start":{"line":50,"column":8},"end":{"line":50,"column":21}},"8":{"start":{"line":52,"column":4},"end":{"line":62,"column":6}},"9":{"start":{"line":53,"column":8},"end":{"line":61,"column":11}},"10":{"start":{"line":63,"column":4},"end":{"line":69,"column":6}},"11":{"start":{"line":64,"column":8},"end":{"line":68,"column":11}},"12":{"start":{"line":65,"column":12},"end":{"line":66,"column":31}},"13":{"start":{"line":66,"column":16},"end":{"line":66,"column":31}},"14":{"start":{"line":67,"column":12},"end":{"line":67,"column":37}},"15":{"start":{"line":70,"column":4},"end":{"line":74,"column":6}},"16":{"start":{"line":71,"column":8},"end":{"line":73,"column":46}},"17":{"start":{"line":77,"column":4},"end":{"line":80,"column":7}},"18":{"start":{"line":78,"column":21},"end":{"line":78,"column":43}},"19":{"start":{"line":79,"column":8},"end":{"line":79,"column":61}},"20":{"start":{"line":81,"column":4},"end":{"line":81,"column":17}},"21":{"start":{"line":83,"column":0},"end":{"line":83,"column":22}}},"fnMap":{"0":{"name":"(anonymous_0)","decl":{"start":{"line":8,"column":13},"end":{"line":8,"column":14}},"loc":{"start":{"line":8,"column":39},"end":{"line":82,"column":1}},"line":8},"1":{"name":"(anonymous_1)","decl":{"start":{"line":48,"column":25},"end":{"line":48,"column":26}},"loc":{"start":{"line":48,"column":45},"end":{"line":51,"column":5}},"line":48},"2":{"name":"(anonymous_2)","decl":{"start":{"line":52,"column":22},"end":{"line":52,"column":23}},"loc":{"start":{"line":52,"column":40},"end":{"line":62,"column":5}},"line":52},"3":{"name":"(anonymous_3)","decl":{"start":{"line":63,"column":35},"end":{"line":63,"column":36}},"loc":{"start":{"line":63,"column":68},"end":{"line":69,"column":5}},"line":63},"4":{"name":"(anonymous_4)","decl":{"start":{"line":64,"column":57},"end":{"line":64,"column":58}},"loc":{"start":{"line":64,"column":81},"end":{"line":68,"column":9}},"line":64},"5":{"name":"(anonymous_5)","decl":{"start":{"line":70,"column":30},"end":{"line":70,"column":31}},"loc":{"start":{"line":70,"column":53},"end":{"line":74,"column":5}},"line":70},"6":{"name":"(anonymous_6)","decl":{"start":{"line":77,"column":21},"end":{"line":77,"column":22}},"loc":{"start":{"line":77,"column":40},"end":{"line":80,"column":5}},"line":77}},"branchMap":{"0":{"loc":{"start":{"line":65,"column":12},"end":{"line":66,"column":31}},"type":"if","locations":[{"start":{"line":65,"column":12},"end":{"line":66,"column":31}},{"start":{"line":65,"column":12},"end":{"line":66,"column":31}}],"line":65}},"s":{"0":1,"1":1,"2":1,"3":1,"4":1,"5":1,"6":40,"7":40,"8":1,"9":1,"10":1,"11":0,"12":0,"13":0,"14":0,"15":1,"16":0,"17":1,"18":40,"19":40,"20":1,"21":1},"f":{"0":1,"1":40,"2":1,"3":0,"4":0,"5":0,"6":40},"b":{"0":[0,0]},"_coverageSchema":"1a1c01bbd47fc00a2c39e90264f33305004495a9","hash":"4344d901743ba575235264f6f6332f263588b8af"}
,"/Users/dan/Projects/node-api/dist/routes/admin.js": {"path":"/Users/dan/Projects/node-api/dist/routes/admin.js","statementMap":{"0":{"start":{"line":2,"column":13},"end":{"line":2,"column":40}},"1":{"start":{"line":3,"column":24},"end":{"line":3,"column":58}},"2":{"start":{"line":5,"column":17},"end":{"line":5,"column":38}},"3":{"start":{"line":6,"column":4},"end":{"line":11,"column":43}},"4":{"start":{"line":12,"column":4},"end":{"line":15,"column":37}},"5":{"start":{"line":16,"column":4},"end":{"line":19,"column":35}},"6":{"start":{"line":20,"column":4},"end":{"line":24,"column":83}},"7":{"start":{"line":25,"column":4},"end":{"line":28,"column":139}},"8":{"start":{"line":29,"column":4},"end":{"line":29,"column":18}},"9":{"start":{"line":31,"column":0},"end":{"line":31,"column":37}}},"fnMap":{"0":{"name":"defineEndpoints","decl":{"start":{"line":4,"column":9},"end":{"line":4,"column":24}},"loc":{"start":{"line":4,"column":41},"end":{"line":30,"column":1}},"line":4}},"branchMap":{},"s":{"0":1,"1":1,"2":1,"3":1,"4":1,"5":1,"6":1,"7":1,"8":1,"9":1},"f":{"0":1},"b":{},"_coverageSchema":"1a1c01bbd47fc00a2c39e90264f33305004495a9","hash":"391e4787c46b0f810f40a61ae3a81fc0c8b139d3"}
,"/Users/dan/Projects/node-api/dist/routes/index.js": {"path":"/Users/dan/Projects/node-api/dist/routes/index.js","statementMap":{"0":{"start":{"line":2,"column":11},"end":{"line":2,"column":39}},"1":{"start":{"line":3,"column":15},"end":{"line":3,"column":47}},"2":{"start":{"line":4,"column":50},"end":{"line":4,"column":68}},"3":{"start":{"line":5,"column":60},"end":{"line":5,"column":88}},"4":{"start":{"line":6,"column":57},"end":{"line":6,"column":83}},"5":{"start":{"line":7,"column":28},"end":{"line":7,"column":74}},"6":{"start":{"line":8,"column":18},"end":{"line":8,"column":54}},"7":{"start":{"line":9,"column":25},"end":{"line":9,"column":68}},"8":{"start":{"line":10,"column":0},"end":{"line":10,"column":76}}},"fnMap":{},"branchMap":{},"s":{"0":1,"1":1,"2":1,"3":1,"4":1,"5":1,"6":1,"7":1,"8":1},"f":{},"b":{},"_coverageSchema":"1a1c01bbd47fc00a2c39e90264f33305004495a9","hash":"0a49a2f6bf3cdf1c4b2e68dd074d160949879eaf"}
,"/Users/dan/Projects/node-api/dist/routes/standard_user.js": {"path":"/Users/dan/Projects/node-api/dist/routes/standard_user.js","statementMap":{"0":{"start":{"line":2,"column":13},"end":{"line":2,"column":40}},"1":{"start":{"line":3,"column":24},"end":{"line":3,"column":58}},"2":{"start":{"line":5,"column":17},"end":{"line":5,"column":38}},"3":{"start":{"line":6,"column":4},"end":{"line":9,"column":30}},"4":{"start":{"line":10,"column":4},"end":{"line":13,"column":67}},"5":{"start":{"line":14,"column":4},"end":{"line":14,"column":18}},"6":{"start":{"line":16,"column":0},"end":{"line":16,"column":37}}},"fnMap":{"0":{"name":"defineEndpoints","decl":{"start":{"line":4,"column":9},"end":{"line":4,"column":24}},"loc":{"start":{"line":4,"column":41},"end":{"line":15,"column":1}},"line":4}},"branchMap":{},"s":{"0":1,"1":1,"2":1,"3":1,"4":1,"5":1,"6":1},"f":{"0":1},"b":{},"_coverageSchema":"1a1c01bbd47fc00a2c39e90264f33305004495a9","hash":"3266869b4c8fdfccc5a3dd76cf50ed35e7e10bf6"}
,"/Users/dan/Projects/node-api/dist/routes/unauthenticated.js": {"path":"/Users/dan/Projects/node-api/dist/routes/unauthenticated.js","statementMap":{"0":{"start":{"line":2,"column":22},"end":{"line":4,"column":1}},"1":{"start":{"line":3,"column":4},"end":{"line":3,"column":62}},"2":{"start":{"line":5,"column":0},"end":{"line":5,"column":62}},"3":{"start":{"line":6,"column":27},"end":{"line":6,"column":78}},"4":{"start":{"line":7,"column":22},"end":{"line":7,"column":69}},"5":{"start":{"line":9,"column":17},"end":{"line":9,"column":49}},"6":{"start":{"line":10,"column":27},"end":{"line":13,"column":6}},"7":{"start":{"line":14,"column":4},"end":{"line":14,"column":71}},"8":{"start":{"line":15,"column":4},"end":{"line":18,"column":53}},"9":{"start":{"line":19,"column":4},"end":{"line":19,"column":55}},"10":{"start":{"line":20,"column":4},"end":{"line":22,"column":45}},"11":{"start":{"line":23,"column":4},"end":{"line":23,"column":18}},"12":{"start":{"line":25,"column":0},"end":{"line":25,"column":37}}},"fnMap":{"0":{"name":"(anonymous_0)","decl":{"start":{"line":2,"column":56},"end":{"line":2,"column":57}},"loc":{"start":{"line":2,"column":71},"end":{"line":4,"column":1}},"line":2},"1":{"name":"defineEndpoints","decl":{"start":{"line":8,"column":9},"end":{"line":8,"column":24}},"loc":{"start":{"line":8,"column":41},"end":{"line":24,"column":1}},"line":8}},"branchMap":{"0":{"loc":{"start":{"line":2,"column":22},"end":{"line":4,"column":1}},"type":"binary-expr","locations":[{"start":{"line":2,"column":23},"end":{"line":2,"column":27}},{"start":{"line":2,"column":31},"end":{"line":2,"column":51}},{"start":{"line":2,"column":56},"end":{"line":4,"column":1}}],"line":2},"1":{"loc":{"start":{"line":3,"column":11},"end":{"line":3,"column":61}},"type":"cond-expr","locations":[{"start":{"line":3,"column":37},"end":{"line":3,"column":40}},{"start":{"line":3,"column":43},"end":{"line":3,"column":61}}],"line":3},"2":{"loc":{"start":{"line":3,"column":12},"end":{"line":3,"column":33}},"type":"binary-expr","locations":[{"start":{"line":3,"column":12},"end":{"line":3,"column":15}},{"start":{"line":3,"column":19},"end":{"line":3,"column":33}}],"line":3}},"s":{"0":1,"1":2,"2":1,"3":1,"4":1,"5":1,"6":1,"7":1,"8":1,"9":1,"10":1,"11":1,"12":1},"f":{"0":2,"1":1},"b":{"0":[1,1,1],"1":[0,2],"2":[2,2]},"_coverageSchema":"1a1c01bbd47fc00a2c39e90264f33305004495a9","hash":"3b48a2df068f6aa103d26abf340f23d58cf97e35"}
,"/Users/dan/Projects/node-api/dist/services/auth.js": {"path":"/Users/dan/Projects/node-api/dist/services/auth.js","statementMap":{"0":{"start":{"line":2,"column":10},"end":{"line":2,"column":26}},"1":{"start":{"line":3,"column":13},"end":{"line":3,"column":38}},"2":{"start":{"line":4,"column":11},"end":{"line":52,"column":1}},"3":{"start":{"line":7,"column":8},"end":{"line":22,"column":11}},"4":{"start":{"line":10,"column":12},"end":{"line":21,"column":13}},"5":{"start":{"line":12,"column":16},"end":{"line":12,"column":72}},"6":{"start":{"line":14,"column":17},"end":{"line":21,"column":13}},"7":{"start":{"line":15,"column":16},"end":{"line":20,"column":19}},"8":{"start":{"line":17,"column":20},"end":{"line":18,"column":80}},"9":{"start":{"line":18,"column":24},"end":{"line":18,"column":80}},"10":{"start":{"line":19,"column":20},"end":{"line":19,"column":42}},"11":{"start":{"line":25,"column":20},"end":{"line":31,"column":10}},"12":{"start":{"line":32,"column":8},"end":{"line":32,"column":55}},"13":{"start":{"line":35,"column":8},"end":{"line":50,"column":9}},"14":{"start":{"line":38,"column":24},"end":{"line":38,"column":63}},"15":{"start":{"line":39,"column":12},"end":{"line":45,"column":13}},"16":{"start":{"line":40,"column":16},"end":{"line":40,"column":65}},"17":{"start":{"line":41,"column":16},"end":{"line":41,"column":23}},"18":{"start":{"line":44,"column":16},"end":{"line":44,"column":88}},"19":{"start":{"line":48,"column":12},"end":{"line":48,"column":33}},"20":{"start":{"line":49,"column":12},"end":{"line":49,"column":84}},"21":{"start":{"line":53,"column":0},"end":{"line":53,"column":22}}},"fnMap":{"0":{"name":"(anonymous_0)","decl":{"start":{"line":5,"column":15},"end":{"line":5,"column":16}},"loc":{"start":{"line":5,"column":34},"end":{"line":23,"column":5}},"line":5},"1":{"name":"(anonymous_1)","decl":{"start":{"line":9,"column":16},"end":{"line":9,"column":17}},"loc":{"start":{"line":9,"column":36},"end":{"line":22,"column":9}},"line":9},"2":{"name":"(anonymous_2)","decl":{"start":{"line":15,"column":53},"end":{"line":15,"column":54}},"loc":{"start":{"line":15,"column":76},"end":{"line":20,"column":17}},"line":15},"3":{"name":"(anonymous_3)","decl":{"start":{"line":24,"column":14},"end":{"line":24,"column":15}},"loc":{"start":{"line":24,"column":37},"end":{"line":33,"column":5}},"line":24},"4":{"name":"(anonymous_4)","decl":{"start":{"line":34,"column":16},"end":{"line":34,"column":17}},"loc":{"start":{"line":34,"column":42},"end":{"line":51,"column":5}},"line":34}},"branchMap":{"0":{"loc":{"start":{"line":10,"column":12},"end":{"line":21,"column":13}},"type":"if","locations":[{"start":{"line":10,"column":12},"end":{"line":21,"column":13}},{"start":{"line":10,"column":12},"end":{"line":21,"column":13}}],"line":10},"1":{"loc":{"start":{"line":14,"column":17},"end":{"line":21,"column":13}},"type":"if","locations":[{"start":{"line":14,"column":17},"end":{"line":21,"column":13}},{"start":{"line":14,"column":17},"end":{"line":21,"column":13}}],"line":14},"2":{"loc":{"start":{"line":17,"column":20},"end":{"line":18,"column":80}},"type":"if","locations":[{"start":{"line":17,"column":20},"end":{"line":18,"column":80}},{"start":{"line":17,"column":20},"end":{"line":18,"column":80}}],"line":17},"3":{"loc":{"start":{"line":17,"column":24},"end":{"line":17,"column":36}},"type":"binary-expr","locations":[{"start":{"line":17,"column":24},"end":{"line":17,"column":27}},{"start":{"line":17,"column":31},"end":{"line":17,"column":36}}],"line":17},"4":{"loc":{"start":{"line":32,"column":15},"end":{"line":32,"column":54}},"type":"cond-expr","locations":[{"start":{"line":32,"column":20},"end":{"line":32,"column":29}},{"start":{"line":32,"column":32},"end":{"line":32,"column":54}}],"line":32},"5":{"loc":{"start":{"line":35,"column":8},"end":{"line":50,"column":9}},"type":"if","locations":[{"start":{"line":35,"column":8},"end":{"line":50,"column":9}},{"start":{"line":35,"column":8},"end":{"line":50,"column":9}}],"line":35},"6":{"loc":{"start":{"line":35,"column":12},"end":{"line":37,"column":64}},"type":"binary-expr","locations":[{"start":{"line":35,"column":12},"end":{"line":35,"column":23}},{"start":{"line":36,"column":12},"end":{"line":36,"column":37}},{"start":{"line":37,"column":12},"end":{"line":37,"column":64}}],"line":35},"7":{"loc":{"start":{"line":39,"column":12},"end":{"line":45,"column":13}},"type":"if","locations":[{"start":{"line":39,"column":12},"end":{"line":45,"column":13}},{"start":{"line":39,"column":12},"end":{"line":45,"column":13}}],"line":39}},"s":{"0":1,"1":1,"2":1,"3":0,"4":0,"5":0,"6":0,"7":0,"8":0,"9":0,"10":0,"11":0,"12":0,"13":0,"14":0,"15":0,"16":0,"17":0,"18":0,"19":0,"20":0,"21":1},"f":{"0":0,"1":0,"2":0,"3":0,"4":0},"b":{"0":[0,0],"1":[0,0],"2":[0,0],"3":[0,0],"4":[0,0],"5":[0,0],"6":[0,0,0],"7":[0,0]},"_coverageSchema":"1a1c01bbd47fc00a2c39e90264f33305004495a9","hash":"818afe084d0474e3b1f00b89f5b2693641b5a55d"}
,"/Users/dan/Projects/node-api/dist/services/jwt.js": {"path":"/Users/dan/Projects/node-api/dist/services/jwt.js","statementMap":{"0":{"start":{"line":2,"column":10},"end":{"line":2,"column":33}},"1":{"start":{"line":3,"column":11},"end":{"line":3,"column":24}},"2":{"start":{"line":4,"column":12},"end":{"line":7,"column":1}},"3":{"start":{"line":8,"column":0},"end":{"line":35,"column":2}},"4":{"start":{"line":10,"column":22},"end":{"line":16,"column":9}},"5":{"start":{"line":17,"column":8},"end":{"line":17,"column":55}},"6":{"start":{"line":20,"column":24},"end":{"line":24,"column":9}},"7":{"start":{"line":25,"column":8},"end":{"line":30,"column":9}},"8":{"start":{"line":26,"column":12},"end":{"line":26,"column":58}},"9":{"start":{"line":29,"column":12},"end":{"line":29,"column":25}},"10":{"start":{"line":33,"column":8},"end":{"line":33,"column":53}}},"fnMap":{"0":{"name":"(anonymous_0)","decl":{"start":{"line":9,"column":10},"end":{"line":9,"column":11}},"loc":{"start":{"line":9,"column":33},"end":{"line":18,"column":5}},"line":9},"1":{"name":"(anonymous_1)","decl":{"start":{"line":19,"column":12},"end":{"line":19,"column":13}},"loc":{"start":{"line":19,"column":33},"end":{"line":31,"column":5}},"line":19},"2":{"name":"(anonymous_2)","decl":{"start":{"line":32,"column":12},"end":{"line":32,"column":13}},"loc":{"start":{"line":32,"column":21},"end":{"line":34,"column":5}},"line":32}},"branchMap":{},"s":{"0":1,"1":1,"2":1,"3":1,"4":0,"5":0,"6":0,"7":0,"8":0,"9":0,"10":0},"f":{"0":0,"1":0,"2":0},"b":{},"_coverageSchema":"1a1c01bbd47fc00a2c39e90264f33305004495a9","hash":"b7e0f87a247dd697f76b181426717c7ce8a8f538"}
,"/Users/dan/Projects/node-api/test/helpers.js": {"path":"/Users/dan/Projects/node-api/test/helpers.js","statementMap":{"0":{"start":{"line":1,"column":16},"end":{"line":1,"column":35}},"1":{"start":{"line":2,"column":14},"end":{"line":2,"column":30}},"2":{"start":{"line":3,"column":15},"end":{"line":3,"column":32}},"3":{"start":{"line":4,"column":13},"end":{"line":4,"column":45}},"4":{"start":{"line":7,"column":18},"end":{"line":7,"column":37}},"5":{"start":{"line":8,"column":17},"end":{"line":12,"column":3}},"6":{"start":{"line":14,"column":2},"end":{"line":14,"column":34}},"7":{"start":{"line":18,"column":10},"end":{"line":18,"column":23}},"8":{"start":{"line":19,"column":17},"end":{"line":22,"column":3}},"9":{"start":{"line":24,"column":2},"end":{"line":24,"column":34}},"10":{"start":{"line":28,"column":18},"end":{"line":28,"column":40}},"11":{"start":{"line":29,"column":17},"end":{"line":37,"column":3}},"12":{"start":{"line":39,"column":2},"end":{"line":39,"column":34}},"13":{"start":{"line":43,"column":2},"end":{"line":43,"column":56}},"14":{"start":{"line":47,"column":2},"end":{"line":47,"column":30}},"15":{"start":{"line":51,"column":2},"end":{"line":56,"column":4}},"16":{"start":{"line":59,"column":0},"end":{"line":64,"column":1}}},"fnMap":{"0":{"name":"generateActivityMeta","decl":{"start":{"line":6,"column":9},"end":{"line":6,"column":29}},"loc":{"start":{"line":6,"column":43},"end":{"line":15,"column":1}},"line":6},"1":{"name":"generateAddressMeta","decl":{"start":{"line":17,"column":9},"end":{"line":17,"column":28}},"loc":{"start":{"line":17,"column":42},"end":{"line":25,"column":1}},"line":17},"2":{"name":"generateUserMeta","decl":{"start":{"line":27,"column":9},"end":{"line":27,"column":25}},"loc":{"start":{"line":27,"column":39},"end":{"line":40,"column":1}},"line":27},"3":{"name":"random","decl":{"start":{"line":42,"column":9},"end":{"line":42,"column":15}},"loc":{"start":{"line":42,"column":24},"end":{"line":44,"column":1}},"line":42},"4":{"name":"uuid","decl":{"start":{"line":46,"column":9},"end":{"line":46,"column":13}},"loc":{"start":{"line":46,"column":17},"end":{"line":48,"column":1}},"line":46},"5":{"name":"getTokenFor","decl":{"start":{"line":50,"column":9},"end":{"line":50,"column":20}},"loc":{"start":{"line":50,"column":32},"end":{"line":57,"column":1}},"line":50}},"branchMap":{"0":{"loc":{"start":{"line":6,"column":31},"end":{"line":6,"column":41}},"type":"default-arg","locations":[{"start":{"line":6,"column":39},"end":{"line":6,"column":41}}],"line":6},"1":{"loc":{"start":{"line":17,"column":30},"end":{"line":17,"column":40}},"type":"default-arg","locations":[{"start":{"line":17,"column":38},"end":{"line":17,"column":40}}],"line":17},"2":{"loc":{"start":{"line":27,"column":27},"end":{"line":27,"column":37}},"type":"default-arg","locations":[{"start":{"line":27,"column":35},"end":{"line":27,"column":37}}],"line":27}},"s":{"0":1,"1":1,"2":1,"3":1,"4":0,"5":0,"6":0,"7":0,"8":0,"9":0,"10":40,"11":40,"12":40,"13":0,"14":20,"15":0,"16":1},"f":{"0":0,"1":0,"2":40,"3":0,"4":20,"5":0},"b":{"0":[0],"1":[0],"2":[40]},"_coverageSchema":"1a1c01bbd47fc00a2c39e90264f33305004495a9","hash":"ebfb498e4c0310f9dabe0b941818b53286a0f5cb"}
}
