TN:
SF:db/config.js
FNF:0
FNH:0
DA:1,1
DA:2,1
DA:5,1
LF:3
LH:3
BRDA:1,0,0,1
BRDA:1,0,1,0
BRF:2
BRH:1
end_of_record
TN:
SF:dist/index.js
FN:2,(anonymous_0)
FN:20,(anonymous_1)
FN:31,(anonymous_2)
FN:39,(anonymous_3)
FN:44,(anonymous_4)
FNF:5
FNH:1
FNDA:6,(anonymous_0)
FNDA:0,(anonymous_1)
FNDA:0,(anonymous_2)
FNDA:0,(anonymous_3)
FNDA:0,(anonymous_4)
DA:2,1
DA:3,6
DA:5,1
DA:6,1
DA:7,1
DA:8,1
DA:9,1
DA:10,1
DA:11,1
DA:12,1
DA:13,1
DA:14,1
DA:15,1
DA:20,1
DA:21,0
DA:22,0
DA:23,0
DA:24,0
DA:25,0
DA:26,0
DA:28,0
DA:30,1
DA:31,1
DA:32,1
DA:33,1
DA:34,1
DA:35,1
DA:36,1
DA:37,1
DA:39,1
DA:40,0
DA:41,0
DA:44,1
DA:46,0
DA:47,0
DA:49,0
DA:50,0
DA:52,1
LF:38
LH:25
BRDA:2,0,0,1
BRDA:2,0,1,1
BRDA:2,0,2,1
BRDA:3,1,0,0
BRDA:3,1,1,6
BRDA:3,2,0,6
BRDA:3,2,1,6
BRDA:25,3,0,0
BRDA:25,3,1,0
BRDA:47,4,0,0
BRDA:47,4,1,0
BRDA:49,5,0,0
BRDA:49,5,1,0
BRF:13
BRH:6
end_of_record
TN:
SF:dist/controllers/base.js
FN:4,(anonymous_0)
FN:19,(anonymous_1)
FN:23,(anonymous_2)
FN:27,(anonymous_3)
FN:31,(anonymous_4)
FN:38,(anonymous_5)
FN:41,(anonymous_6)
FN:45,(anonymous_7)
FN:50,(anonymous_8)
FN:53,(anonymous_9)
FN:57,(anonymous_10)
FN:62,(anonymous_11)
FN:65,(anonymous_12)
FN:69,(anonymous_13)
FN:72,(anonymous_14)
FN:75,(anonymous_15)
FN:79,(anonymous_16)
FN:80,(anonymous_17)
FNF:18
FNH:1
FNDA:3,(anonymous_0)
FNDA:0,(anonymous_1)
FNDA:0,(anonymous_2)
FNDA:0,(anonymous_3)
FNDA:0,(anonymous_4)
FNDA:0,(anonymous_5)
FNDA:0,(anonymous_6)
FNDA:0,(anonymous_7)
FNDA:0,(anonymous_8)
FNDA:0,(anonymous_9)
FNDA:0,(anonymous_10)
FNDA:0,(anonymous_11)
FNDA:0,(anonymous_12)
FNDA:0,(anonymous_13)
FNDA:0,(anonymous_14)
FNDA:0,(anonymous_15)
FNDA:0,(anonymous_16)
FNDA:0,(anonymous_17)
DA:2,1
DA:5,3
DA:6,3
DA:7,3
DA:9,3
DA:10,3
DA:11,3
DA:12,3
DA:13,3
DA:14,3
DA:15,3
DA:16,3
DA:17,3
DA:20,0
DA:21,0
DA:24,0
DA:25,0
DA:28,0
DA:32,0
DA:36,0
DA:39,0
DA:42,0
DA:46,0
DA:51,0
DA:54,0
DA:58,0
DA:63,0
DA:66,0
DA:70,0
DA:73,0
DA:76,0
DA:81,0
DA:82,0
DA:86,1
LF:34
LH:14
BRDA:4,0,0,2
BRDA:6,1,0,3
BRDA:6,1,1,3
BRDA:8,2,0,3
BRDA:8,2,1,3
BRDA:9,3,0,3
BRDA:9,3,1,3
BRDA:20,4,0,0
BRDA:20,4,1,0
BRDA:24,5,0,0
BRDA:24,5,1,0
BRF:11
BRH:7
end_of_record
TN:
SF:dist/controllers/clients.js
FN:2,(anonymous_0)
FN:8,(anonymous_1)
FNF:2
FNH:2
FNDA:1,(anonymous_0)
FNDA:1,(anonymous_1)
DA:2,1
DA:3,1
DA:5,1
DA:6,1
DA:9,1
DA:12,1
LF:6
LH:6
BRDA:2,0,0,1
BRDA:2,0,1,1
BRDA:2,0,2,1
BRDA:3,1,0,0
BRDA:3,1,1,1
BRDA:3,2,0,1
BRDA:3,2,1,1
BRF:7
BRH:6
end_of_record
TN:
SF:dist/controllers/index.js
FN:5,(anonymous_0)
FN:6,(anonymous_1)
FN:12,(anonymous_2)
FN:13,(anonymous_3)
FN:18,(anonymous_4)
FNF:5
FNH:5
FNDA:10,(anonymous_0)
FNDA:8,(anonymous_1)
FNDA:6,(anonymous_2)
FNDA:4,(anonymous_3)
FNDA:1,(anonymous_4)
DA:2,1
DA:3,1
DA:4,1
DA:5,10
DA:6,1
DA:7,8
DA:9,1
DA:10,1
DA:11,1
DA:12,6
DA:14,4
DA:15,4
DA:16,4
DA:18,1
DA:19,1
DA:21,1
LF:16
LH:16
BRDA:12,0,0,6
BRDA:12,0,1,6
BRDA:12,0,2,5
BRDA:12,0,3,4
BRF:4
BRH:4
end_of_record
TN:
SF:dist/controllers/role_assignments.js
FN:4,(anonymous_0)
FN:5,(anonymous_1)
FN:11,(anonymous_2)
FN:21,(anonymous_3)
FN:22,(anonymous_4)
FN:25,(anonymous_5)
FNF:6
FNH:2
FNDA:1,(anonymous_0)
FNDA:0,(anonymous_1)
FNDA:0,(anonymous_2)
FNDA:1,(anonymous_3)
FNDA:0,(anonymous_4)
FNDA:0,(anonymous_5)
DA:2,1
DA:5,1
DA:6,0
DA:7,0
DA:8,0
DA:12,0
DA:13,0
DA:16,0
DA:22,1
DA:23,0
DA:24,0
DA:25,0
DA:26,0
DA:31,1
LF:14
LH:4
BRDA:4,0,0,1
BRDA:12,1,0,0
BRDA:12,1,1,0
BRDA:21,2,0,1
BRF:4
BRH:2
end_of_record
TN:
SF:dist/controllers/roles.js
FN:5,(anonymous_0)
FN:8,(anonymous_1)
FN:14,(anonymous_2)
FN:18,(anonymous_3)
FN:22,(anonymous_4)
FN:23,(anonymous_5)
FN:29,(anonymous_6)
FN:35,(anonymous_7)
FN:36,(anonymous_8)
FN:42,(anonymous_9)
FN:48,(anonymous_10)
FN:49,(anonymous_11)
FNF:12
FNH:4
FNDA:1,(anonymous_0)
FNDA:0,(anonymous_1)
FNDA:0,(anonymous_2)
FNDA:0,(anonymous_3)
FNDA:1,(anonymous_4)
FNDA:0,(anonymous_5)
FNDA:0,(anonymous_6)
FNDA:1,(anonymous_7)
FNDA:0,(anonymous_8)
FNDA:0,(anonymous_9)
FNDA:1,(anonymous_10)
FNDA:0,(anonymous_11)
DA:2,1
DA:3,1
DA:6,1
DA:9,0
DA:10,0
DA:15,0
DA:16,0
DA:19,0
DA:23,1
DA:24,0
DA:25,0
DA:26,0
DA:29,0
DA:30,0
DA:36,1
DA:37,0
DA:38,0
DA:39,0
DA:42,0
DA:43,0
DA:49,1
DA:50,0
DA:54,1
LF:23
LH:7
BRDA:22,0,0,1
BRDA:25,1,0,0
BRDA:25,1,1,0
BRDA:35,2,0,1
BRDA:38,3,0,0
BRDA:38,3,1,0
BRDA:48,4,0,1
BRF:7
BRH:3
end_of_record
TN:
SF:dist/controllers/users.js
FN:8,(anonymous_0)
FN:11,(anonymous_1)
FN:12,(anonymous_2)
FN:20,(anonymous_3)
FNF:4
FNH:1
FNDA:1,(anonymous_0)
FNDA:0,(anonymous_1)
FNDA:0,(anonymous_2)
FNDA:0,(anonymous_3)
DA:2,1
DA:3,1
DA:5,1
DA:6,1
DA:9,1
DA:12,0
DA:13,0
DA:14,0
DA:15,0
DA:21,0
DA:26,1
LF:11
LH:6
BRDA:2,0,0,1
BRDA:2,0,1,0
BRDA:13,1,0,0
BRDA:13,1,1,0
BRDA:19,2,0,0
BRDA:19,2,1,0
BRF:6
BRH:1
end_of_record
TN:
SF:dist/lib/decorated_router.js
FN:4,(anonymous_0)
FN:9,(anonymous_1)
FN:22,(anonymous_2)
FN:25,(anonymous_3)
FN:28,(anonymous_4)
FN:32,(anonymous_5)
FN:35,(anonymous_6)
FN:37,(anonymous_7)
FN:47,(anonymous_8)
FN:51,generateRouterDocs
FN:52,(anonymous_10)
FNF:11
FNH:5
FNDA:3,(anonymous_0)
FNDA:11,(anonymous_1)
FNDA:0,(anonymous_2)
FNDA:3,(anonymous_3)
FNDA:2,(anonymous_4)
FNDA:0,(anonymous_5)
FNDA:2,(anonymous_6)
FNDA:0,(anonymous_7)
FNDA:0,(anonymous_8)
FNDA:0,generateRouterDocs
FNDA:0,(anonymous_10)
DA:2,1
DA:5,3
DA:6,3
DA:7,3
DA:10,11
DA:11,11
DA:12,2
DA:13,2
DA:14,2
DA:18,0
DA:20,11
DA:23,0
DA:26,3
DA:29,2
DA:30,2
DA:33,0
DA:37,2
DA:38,0
DA:39,0
DA:42,0
DA:43,0
DA:48,0
DA:52,0
DA:53,0
DA:54,0
DA:55,0
DA:56,0
DA:57,0
DA:58,0
DA:59,0
DA:60,0
DA:62,0
DA:65,1
LF:33
LH:15
BRDA:11,0,0,2
BRDA:11,0,1,9
BRDA:38,1,0,0
BRDA:38,1,1,0
BRDA:54,2,0,0
BRDA:54,2,1,0
BRDA:56,3,0,0
BRDA:56,3,1,0
BRDA:57,4,0,0
BRDA:57,4,1,0
BRDA:59,5,0,0
BRDA:59,5,1,0
BRF:12
BRH:2
end_of_record
TN:
SF:dist/lib/middleware/default_locale_info.js
FN:13,defaultLocaleInfo
FN:14,(anonymous_1)
FNF:2
FNH:1
FNDA:1,defaultLocaleInfo
FNDA:0,(anonymous_1)
DA:14,1
DA:15,0
DA:16,0
DA:17,0
DA:19,0
DA:22,1
LF:6
LH:2
BRDA:15,0,0,0
BRDA:15,0,1,0
BRDA:15,1,0,0
BRDA:15,1,1,0
BRDA:15,2,0,0
BRDA:15,2,1,0
BRF:6
BRH:0
end_of_record
TN:
SF:dist/lib/middleware/index.js
FNF:0
FNH:0
DA:2,1
DA:3,1
DA:4,1
DA:5,1
DA:6,1
DA:7,1
DA:8,1
LF:7
LH:7
BRF:0
BRH:0
end_of_record
TN:
SF:dist/lib/middleware/local_actor_by_jwt.js
FN:4,localActorByJwt
FN:5,(anonymous_1)
FN:13,(anonymous_2)
FNF:3
FNH:1
FNDA:2,localActorByJwt
FNDA:0,(anonymous_1)
FNDA:0,(anonymous_2)
DA:2,1
DA:3,1
DA:5,2
DA:6,0
DA:10,0
DA:11,0
DA:13,0
DA:14,0
DA:15,0
DA:16,0
DA:19,0
DA:20,0
DA:25,1
LF:13
LH:4
BRDA:4,0,0,1
BRDA:4,1,0,1
BRDA:10,2,0,0
BRDA:10,2,1,0
BRDA:14,3,0,0
BRDA:14,3,1,0
BRF:6
BRH:2
end_of_record
TN:
SF:dist/lib/middleware/local_role_by_slug.js
FN:4,localRoleBySlug
FN:12,(anonymous_1)
FN:14,(anonymous_2)
FNF:3
FNH:1
FNDA:5,localRoleBySlug
FNDA:0,(anonymous_1)
FNDA:0,(anonymous_2)
DA:2,1
DA:3,1
DA:5,5
DA:6,5
DA:7,3
DA:9,5
DA:10,5
DA:12,5
DA:13,0
DA:14,0
DA:15,0
DA:16,0
DA:17,0
DA:20,0
DA:21,0
DA:26,1
LF:16
LH:9
BRDA:4,0,0,0
BRDA:4,1,0,3
BRDA:4,2,0,2
BRDA:4,3,0,5
BRDA:6,4,0,3
BRDA:6,4,1,2
BRDA:9,5,0,5
BRDA:9,5,1,0
BRDA:15,6,0,0
BRDA:15,6,1,0
BRF:10
BRH:6
end_of_record
TN:
SF:dist/lib/middleware/local_user_by_slug.js
FN:4,localUserBySlug
FN:5,(anonymous_1)
FN:10,(anonymous_2)
FNF:3
FNH:1
FNDA:2,localUserBySlug
FNDA:0,(anonymous_1)
FNDA:0,(anonymous_2)
DA:2,1
DA:3,1
DA:5,2
DA:6,0
DA:7,0
DA:8,0
DA:10,0
DA:11,0
DA:12,0
DA:13,0
DA:16,0
DA:17,0
DA:22,1
LF:13
LH:4
BRDA:4,0,0,0
BRDA:4,1,0,1
BRDA:4,2,0,2
BRDA:7,3,0,0
BRDA:7,3,1,0
BRDA:11,4,0,0
BRDA:11,4,1,0
BRF:7
BRH:2
end_of_record
TN:
SF:dist/lib/middleware/require_actor_role.js
FN:2,requireActorRole
FN:3,(anonymous_1)
FN:13,hasRole
FN:15,(anonymous_3)
FNF:4
FNH:1
FNDA:1,requireActorRole
FNDA:0,(anonymous_1)
FNDA:0,hasRole
FNDA:0,(anonymous_3)
DA:3,1
DA:4,0
DA:5,0
DA:6,0
DA:9,0
DA:14,0
DA:16,0
DA:19,1
LF:8
LH:2
BRDA:5,0,0,0
BRDA:5,0,1,0
BRDA:13,1,0,0
BRDA:14,2,0,0
BRDA:14,2,1,0
BRF:5
BRH:0
end_of_record
TN:
SF:dist/lib/middleware/require_content_type.js
FN:2,requireContentType
FN:3,(anonymous_1)
FNF:2
FNH:1
FNDA:3,requireContentType
FNDA:0,(anonymous_1)
DA:3,3
DA:4,0
DA:5,0
DA:6,0
DA:9,0
DA:15,1
LF:6
LH:2
BRDA:4,0,0,0
BRDA:4,0,1,0
BRDA:4,0,2,0
BRDA:5,1,0,0
BRDA:5,1,1,0
BRF:5
BRH:0
end_of_record
TN:
SF:dist/lib/presenters/role.js
FN:3,presenter
FN:6,presentRole
FN:18,presentRoles
FN:19,(anonymous_3)
FNF:4
FNH:0
FNDA:0,presenter
FNDA:0,presentRole
FNDA:0,presentRoles
FNDA:0,(anonymous_3)
DA:2,1
DA:4,0
DA:7,0
DA:8,0
DA:10,0
DA:19,0
DA:20,0
DA:23,1
LF:8
LH:2
BRDA:4,0,0,0
BRDA:4,0,1,0
BRDA:7,1,0,0
BRDA:7,1,1,0
BRDA:14,2,0,0
BRDA:14,2,1,0
BRDA:15,3,0,0
BRDA:15,3,1,0
BRF:8
BRH:0
end_of_record
TN:
SF:dist/lib/presenters/user.js
FN:2,presenter
FN:5,presentUser
FN:14,presentUsers
FN:15,(anonymous_3)
FNF:4
FNH:0
FNDA:0,presenter
FNDA:0,presentUser
FNDA:0,presentUsers
FNDA:0,(anonymous_3)
DA:3,0
DA:6,0
DA:7,0
DA:9,0
DA:15,0
DA:16,0
DA:19,1
LF:7
LH:1
BRDA:3,0,0,0
BRDA:3,0,1,0
BRDA:6,1,0,0
BRDA:6,1,1,0
BRF:4
BRH:0
end_of_record
TN:
SF:dist/models/client.js
FN:3,(anonymous_0)
FN:10,(anonymous_1)
FNF:2
FNH:2
FNDA:1,(anonymous_0)
FNDA:1,(anonymous_1)
DA:2,1
DA:3,1
DA:12,1
DA:21,1
DA:43,1
LF:5
LH:5
BRF:0
BRH:0
end_of_record
TN:
SF:dist/models/client_users.js
FN:3,(anonymous_0)
FN:10,(anonymous_1)
FNF:2
FNH:1
FNDA:1,(anonymous_0)
FNDA:0,(anonymous_1)
DA:2,1
DA:3,1
DA:15,1
DA:25,1
LF:4
LH:4
BRF:0
BRH:0
end_of_record
TN:
SF:dist/models/clientusers.js
FN:3,(anonymous_0)
FN:10,(anonymous_1)
FNF:2
FNH:2
FNDA:1,(anonymous_0)
FNDA:1,(anonymous_1)
DA:2,1
DA:3,1
DA:15,1
DA:24,1
LF:4
LH:4
BRF:0
BRH:0
end_of_record
TN:
SF:dist/models/index.js
FN:11,(anonymous_0)
FN:12,(anonymous_1)
FN:17,(anonymous_2)
FNF:3
FNH:3
FNDA:7,(anonymous_0)
FNDA:6,(anonymous_1)
FNDA:5,(anonymous_2)
DA:2,1
DA:3,1
DA:4,1
DA:5,1
DA:6,1
DA:7,1
DA:8,1
DA:9,1
DA:10,1
DA:11,7
DA:13,6
DA:14,6
DA:17,1
DA:18,5
DA:19,5
DA:21,5
DA:22,0
DA:25,1
DA:26,1
DA:27,1
LF:20
LH:19
BRDA:7,0,0,1
BRDA:7,0,1,0
BRDA:11,1,0,7
BRDA:11,1,1,7
BRDA:11,1,2,6
BRDA:18,2,0,5
BRDA:18,2,1,0
BRDA:21,3,0,0
BRDA:21,3,1,5
BRF:9
BRH:6
end_of_record
TN:
SF:dist/models/role.js
FN:2,(anonymous_0)
FN:17,(anonymous_1)
FN:29,(anonymous_2)
FNF:3
FNH:2
FNDA:1,(anonymous_0)
FNDA:1,(anonymous_1)
FNDA:0,(anonymous_2)
DA:2,1
DA:3,1
DA:17,1
DA:18,1
DA:24,1
DA:29,1
DA:30,0
DA:32,1
LF:8
LH:7
BRF:0
BRH:0
end_of_record
TN:
SF:dist/models/role_assignment.js
FN:2,(anonymous_0)
FN:16,(anonymous_1)
FNF:2
FNH:2
FNDA:1,(anonymous_0)
FNDA:1,(anonymous_1)
DA:2,1
DA:3,1
DA:16,1
DA:17,1
DA:22,1
DA:28,1
LF:6
LH:6
BRF:0
BRH:0
end_of_record
TN:
SF:dist/models/user.js
FN:8,(anonymous_0)
FN:48,(anonymous_1)
FN:52,(anonymous_2)
FN:63,(anonymous_3)
FN:64,(anonymous_4)
FN:70,(anonymous_5)
FN:77,(anonymous_6)
FNF:7
FNH:4
FNDA:1,(anonymous_0)
FNDA:40,(anonymous_1)
FNDA:1,(anonymous_2)
FNDA:0,(anonymous_3)
FNDA:0,(anonymous_4)
FNDA:0,(anonymous_5)
FNDA:40,(anonymous_6)
DA:2,1
DA:3,1
DA:4,1
DA:8,1
DA:9,1
DA:48,1
DA:49,40
DA:50,40
DA:52,1
DA:53,1
DA:63,1
DA:64,0
DA:65,0
DA:66,0
DA:67,0
DA:70,1
DA:71,0
DA:77,1
DA:78,40
DA:79,40
DA:81,1
DA:83,1
LF:22
LH:17
BRDA:65,0,0,0
BRDA:65,0,1,0
BRF:2
BRH:0
end_of_record
TN:
SF:dist/routes/admin.js
FN:4,defineEndpoints
FNF:1
FNH:1
FNDA:1,defineEndpoints
DA:2,1
DA:3,1
DA:5,1
DA:6,1
DA:12,1
DA:16,1
DA:20,1
DA:25,1
DA:29,1
DA:31,1
LF:10
LH:10
BRF:0
BRH:0
end_of_record
TN:
SF:dist/routes/index.js
FNF:0
FNH:0
DA:2,1
DA:3,1
DA:4,1
DA:5,1
DA:6,1
DA:7,1
DA:8,1
DA:9,1
DA:10,1
LF:9
LH:9
BRF:0
BRH:0
end_of_record
TN:
SF:dist/routes/standard_user.js
FN:4,defineEndpoints
FNF:1
FNH:1
FNDA:1,defineEndpoints
DA:2,1
DA:3,1
DA:5,1
DA:6,1
DA:10,1
DA:14,1
DA:16,1
LF:7
LH:7
BRF:0
BRH:0
end_of_record
TN:
SF:dist/routes/unauthenticated.js
FN:2,(anonymous_0)
FN:8,defineEndpoints
FNF:2
FNH:2
FNDA:2,(anonymous_0)
FNDA:1,defineEndpoints
DA:2,1
DA:3,2
DA:5,1
DA:6,1
DA:7,1
DA:9,1
DA:10,1
DA:14,1
DA:15,1
DA:19,1
DA:20,1
DA:23,1
DA:25,1
LF:13
LH:13
BRDA:2,0,0,1
BRDA:2,0,1,1
BRDA:2,0,2,1
BRDA:3,1,0,0
BRDA:3,1,1,2
BRDA:3,2,0,2
BRDA:3,2,1,2
BRF:7
BRH:6
end_of_record
TN:
SF:dist/services/auth.js
FN:5,(anonymous_0)
FN:9,(anonymous_1)
FN:15,(anonymous_2)
FN:24,(anonymous_3)
FN:34,(anonymous_4)
FNF:5
FNH:0
FNDA:0,(anonymous_0)
FNDA:0,(anonymous_1)
FNDA:0,(anonymous_2)
FNDA:0,(anonymous_3)
FNDA:0,(anonymous_4)
DA:2,1
DA:3,1
DA:4,1
DA:7,0
DA:10,0
DA:12,0
DA:14,0
DA:15,0
DA:17,0
DA:18,0
DA:19,0
DA:25,0
DA:32,0
DA:35,0
DA:38,0
DA:39,0
DA:40,0
DA:41,0
DA:44,0
DA:48,0
DA:49,0
DA:53,1
LF:22
LH:4
BRDA:10,0,0,0
BRDA:10,0,1,0
BRDA:14,1,0,0
BRDA:14,1,1,0
BRDA:17,2,0,0
BRDA:17,2,1,0
BRDA:17,3,0,0
BRDA:17,3,1,0
BRDA:32,4,0,0
BRDA:32,4,1,0
BRDA:35,5,0,0
BRDA:35,5,1,0
BRDA:35,6,0,0
BRDA:35,6,1,0
BRDA:35,6,2,0
BRDA:39,7,0,0
BRDA:39,7,1,0
BRF:17
BRH:0
end_of_record
TN:
SF:dist/services/jwt.js
FN:9,(anonymous_0)
FN:19,(anonymous_1)
FN:32,(anonymous_2)
FNF:3
FNH:0
FNDA:0,(anonymous_0)
FNDA:0,(anonymous_1)
FNDA:0,(anonymous_2)
DA:2,1
DA:3,1
DA:4,1
DA:8,1
DA:10,0
DA:17,0
DA:20,0
DA:25,0
DA:26,0
DA:29,0
DA:33,0
LF:11
LH:4
BRF:0
BRH:0
end_of_record
TN:
SF:test/helpers.js
FN:6,generateActivityMeta
FN:17,generateAddressMeta
FN:27,generateUserMeta
FN:42,random
FN:46,uuid
FN:50,getTokenFor
FNF:6
FNH:2
FNDA:0,generateActivityMeta
FNDA:0,generateAddressMeta
FNDA:40,generateUserMeta
FNDA:0,random
FNDA:20,uuid
FNDA:0,getTokenFor
DA:1,1
DA:2,1
DA:3,1
DA:4,1
DA:7,0
DA:8,0
DA:14,0
DA:18,0
DA:19,0
DA:24,0
DA:28,40
DA:29,40
DA:39,40
DA:43,0
DA:47,20
DA:51,0
DA:59,1
LF:17
LH:9
BRDA:6,0,0,0
BRDA:17,1,0,0
BRDA:27,2,0,40
BRF:3
BRH:1
end_of_record
